
11/02/2023 06:26:48 DarkGlance#6849  .checkkcgserver

11/02/2023 06:28:49 DarkGlance#6849  .checkkcgserver

11/02/2023 06:29:26 DarkGlance#6849  .checkkcgserver

11/02/2023 06:38:44 DarkGlance#6849  .checkkcgserver

11/02/2023 08:56:51 DarkGlance#6849  .hi

09/03/2023 22:42:06 DarkGlance#6849  .gangmarks

09/03/2023 22:54:34 DarkGlance#6849  .gangmarks

09/03/2023 22:59:37 DarkGlance#6849  .gangmarks

09/03/2023 23:00:03 DarkGlance#6849  .gangmarks

09/03/2023 23:00:42 DarkGlance#6849  .gangmarks

09/03/2023 23:09:36 DarkGlance#6849  .gangmarks

09/03/2023 23:12:59 DarkGlance#6849  .gangmarks

09/03/2023 23:14:29 DarkGlance#6849  .gangmarks

09/03/2023 23:17:16 DarkGlance#6849  .gangmarks

09/03/2023 23:21:37 DarkGlance#6849  .kcg marks 20cs008

02/04/2023 19:58:37 DarkGlance#6849  .gangmarks

02/04/2023 19:59:29 DarkGlance#6849  .gangmarks

02/04/2023 20:02:38 DarkGlance#6849  .gangmarks

02/04/2023 20:03:22 DarkGlance#6849  .gangmarks

02/04/2023 20:08:05 DarkGlance#6849  .gangmarks

02/04/2023 20:08:44 DarkGlance#6849  .gangmarks

02/04/2023 20:23:33 DarkGlance#6849  .gangmarks

02/04/2023 20:24:02 DarkGlance#6849  .gangmarks

02/04/2023 20:25:13 DarkGlance#6849  .gangmarks

02/04/2023 20:28:33 DarkGlance#6849  .gangmarks

02/04/2023 20:33:57 DarkGlance#6849  .gangmarks

02/04/2023 20:35:02 DarkGlance#6849  .gangmarks

02/04/2023 20:35:10 DarkGlance#6849  .gangmarks

03/04/2023 10:43:55 DarkGlance#6849  .gangmarks

03/04/2023 10:46:00 DarkGlance#6849  .gangmarks

03/04/2023 10:47:59 DarkGlance#6849  .gangmarks

03/04/2023 10:50:43 DarkGlance#6849  .gangmarks

03/04/2023 10:51:03 DarkGlance#6849  .gangmarks

03/04/2023 10:51:51 DarkGlance#6849  .gangmarks

03/04/2023 10:53:00 DarkGlance#6849  .gangmarks

10/04/2023 14:02:10 DarkGlance#6849  .kcg marks 20cs008

10/04/2023 14:24:53 DarkGlance#6849  .kcg marks 20cs008

10/04/2023 19:03:54 DarkGlance#6849  .ll all 19cs100
