FETCH LOG for  20 ['civil']
Requested by DarkGlance#6849


Corrected departments  :  ['ce']


Searching in dept ce
roll number format found out to be  :  20ce01

1  1  20ce01  JAN IMMANUEL CHRYSOPRASUS J (FETCHED)
2  2  20ce02  MRUTHULHA N (FETCHED)
3  3  20ce03  NIRANJAN (FETCHED)
4  4  20ce04  PRINCE RAGUL V (FETCHED)
5  5  20ce05  SHEILESH SINGH LANGPOKLAKPAM (FETCHED)
6  6  20ce06  THAMIZH SELVAN M (FETCHED)
7  7  20ce07  SYED MAJID AHMED (FETCHED)
8  8  20ce08  HARESH KUMAR S                             (NOT FETCHED)
9  9  20ce09  METHAKHONU KHATSO                             (NOT FETCHED)
10  10  20ce10  NEIZOVONUO TETSO                             (NOT FETCHED)
11  11  20ce11  AAKASH A                             (NOT FETCHED)
12  12  20ce12  NAVAMI G S                             (NOT FETCHED)
13  20ce13  (no student)
14  20ce14  (no student)
15  20ce15  (no student)
16  20ce16  (no student)
17  20ce17  (no student)
