FETCH LOG for  18 ['it']
Requested by DarkGlance#6849


Corrected departments  :  ['it']


Searching in dept it
roll number format found out to be  :  18it01

1  1  18it01  ADITHYA A                             (NOT FETCHED)
2  2  18it02  AISHWARYA S (FETCHED)
3  3  18it03  ANISA H (FETCHED)
4  4  18it04  ANTHONYRAJ A (FETCHED)
5  5  18it05  ANU ABARNA B (FETCHED)
6  6  18it06  ARUN PRASATH  A (FETCHED)
7  7  18it07  BALAJI S (FETCHED)
8  8  18it08  BARATH M                             (NOT FETCHED)
9  9  18it09  DHANUSH  S (FETCHED)
10  10  18it10  DHARUN  S (FETCHED)
11  11  18it11  DINESH R (FETCHED)
12  12  18it12  ELLORA JEYA SUJI J (FETCHED)
13  13  18it13  GUGAN  S (FETCHED)
14  14  18it14  JAHNAVI K (FETCHED)
15  15  18it15  JAYASEELAN B (FETCHED)
16  16  18it16  KATHIRAVAN  K V (FETCHED)
17  17  18it17  KIRTHIK ROSHAN R (FETCHED)
18  18  18it18  KIRUBA SHANKAR L (FETCHED)
19  19  18it19  LAVANYA  P (FETCHED)
20  20  18it20  LOGESH T (FETCHED)
21  21  18it21  LOGITH KUMAR B (FETCHED)
22  22  18it22  MAHAALAKSHMI B (FETCHED)
23  23  18it23  MAHESHWARAN R (FETCHED)
24  24  18it24  MINNU  VARUGHESE (FETCHED)
25  25  18it25  MOHANRAJ S C (FETCHED)
26  26  18it26  MONIKA J S (FETCHED)
27  27  18it27  MUKESH M                             (NOT FETCHED)
28  28  18it28  MUZAMMIL SAIT A (FETCHED)
29  29  18it29  PADMAPRIYA R (FETCHED)
30  30  18it30  PAVITHRA R (FETCHED)
31  31  18it31  PRAVEEN KUMAR M (FETCHED)
32  32  18it32  RAGHUL  S (FETCHED)
33  33  18it33  RAJESHWARI  M (FETCHED)
34  34  18it34  RAJESWARI  M (FETCHED)
35  35  18it35  RAKESH M (FETCHED)
36  36  18it36  RAMYA S (FETCHED)
37  37  18it37  ROHIT S (FETCHED)
38  38  18it38  SHAKTHI  A                             (NOT FETCHED)
39  39  18it39  SHRUTHI V SEETHALAKSHMI                             (NOT FETCHED)
40  40  18it40  STAFFIN T SHABU                             (NOT FETCHED)
41  41  18it41  SUJANTHI K                             (NOT FETCHED)
42  42  18it42  SUSHMITHA  R S (FETCHED)
43  43  18it43  SWETHA M                             (NOT FETCHED)
44  44  18it44  VARIDI KALYAN REDDY (FETCHED)
45  45  18it45  VIGNESH  K                             (NOT FETCHED)
46  46  18it46  VISHAGASUDAN S                             (NOT FETCHED)
47  47  18it47  VISHNU P C                             (NOT FETCHED)
48  18it48  (no student)
49  18it49  (no student)
50  18it50  (no student)
51  18it51  (no student)
52  18it52  (no student)
