FETCH LOG for  17 ['eie']
Requested by DarkGlance#6849


Corrected departments  :  ['ei']


Searching in dept ei
roll number format found out to be  :  17ei01

1  1  17ei01  AKASH K (FETCHED)
2  2  17ei02  ARJUN V R (FETCHED)
3  3  17ei03  BHARATH R (FETCHED)
4  4  17ei04  CATHERINE EN KARDIA CHULLAI (FETCHED)
5  5  17ei05  DEEPAK V (FETCHED)
6  6  17ei06  DHANUSH KUMAR K (FETCHED)
7  17ei07  (no student)
8  7  17ei08  JAI GANESH M (FETCHED)
9  8  17ei09  JOHAN B R (FETCHED)
10  9  17ei10  JOTHI PRAKASH V (FETCHED)
11  10  17ei11  KAVIL S (FETCHED)
12  11  17ei12  KISHORE KUMAR S (FETCHED)
13  12  17ei13  KUNAL KESHAV S B (FETCHED)
14  13  17ei14  LOKESH KUMAR K (FETCHED)
15  14  17ei15  MALAVIGA D (FETCHED)
16  15  17ei16  MOHAMED MAHIR  M (FETCHED)
17  16  17ei17  NAGIREDDI SAINADH (FETCHED)
18  17  17ei18  NANDHA KUMAR K (FETCHED)
19  18  17ei19  NIRMAL MATHEW T (FETCHED)
20  19  17ei20  PRASANNA NARAYANAN R (FETCHED)
21  20  17ei21  PURVADARSHINI S K (FETCHED)
22  21  17ei22  RANJITH KUMAR R (FETCHED)
23  22  17ei23  RATHEESH RAJ T (FETCHED)
24  23  17ei24  SABARISH B (FETCHED)
25  24  17ei25  SABARISH S (FETCHED)
26  25  17ei26  SAMUEL DHINAKARAN A (FETCHED)
27  26  17ei27  SANJEEV D (FETCHED)
28  27  17ei28  SANU JOSE (FETCHED)
29  28  17ei29  SARMAS HUSSAIN K (FETCHED)
30  17ei30  (no student)
31  29  17ei31  TEJSWINI R (FETCHED)
32  30  17ei32  VASANTH H (FETCHED)
33  31  17ei33  VASANTHA KUMAR V (FETCHED)
34  32  17ei34  VIJAY KUMAR K (FETCHED)
35  33  17ei35  VIKRAMAN T (FETCHED)
36  34  17ei36  YAMINI K (FETCHED)
37  35  17ei37  YOGESH M (FETCHED)
38  17ei38  (no student)
39  17ei39  (no student)
40  17ei40  (no student)
