FETCH LOG for  17 ['ece']
Requested by DarkGlance#6849


Corrected departments  :  ['ec']


Searching in dept ec
roll number format found out to be  :  17ec001

1  1  17ec001  AASHA V (FETCHED)
2  2  17ec002  ABHINAYA V (FETCHED)
3  3  17ec003  ABISHEEK K (FETCHED)
4  4  17ec004  ABISHEK A (FETCHED)
5  5  17ec005  ABISHEK M (FETCHED)
6  6  17ec006  ABISHEK RAVI KUMAR K M (FETCHED)
7  7  17ec007  AISHWARYA PRAKASH S (FETCHED)
8  8  17ec008  AJIN JEBES M (FETCHED)
9  9  17ec009  AKSHAY SREERAM B (FETCHED)
10  10  17ec010  AMRISH RAAJ P (FETCHED)
11  11  17ec011  ANBARASI D (FETCHED)
12  12  17ec012  ANNAMALAI P (FETCHED)
13  13  17ec013  APARNA P (FETCHED)
14  14  17ec014  ARCHITA ARUN (FETCHED)
15  15  17ec015  ARYA RAJESH (FETCHED)
16  16  17ec016  ASHWIN PERUMAL G (FETCHED)
17  17  17ec017  BALAJI J (FETCHED)
18  18  17ec018  BASKAR R (FETCHED)
19  19  17ec019  BHARANIDHARAN R (FETCHED)
20  20  17ec020  BHUVANESH G (FETCHED)
21  21  17ec021  BRIJESH NARAYANAN S (FETCHED)
22  22  17ec022  CHILAKA SUNEEL (FETCHED)
23  23  17ec023  DHIVYA  P (FETCHED)
24  24  17ec024  DINESH KUMAR R (FETCHED)
25  25  17ec025  DINESHKUMAR G                             (NOT FETCHED)
26  26  17ec026  DIVYA J (FETCHED)
27  27  17ec027  DODDAVULA BHARGAVI (FETCHED)
28  28  17ec028  ELIEZER A C (FETCHED)
29  29  17ec029  GLADWIN ANTONY R (FETCHED)
30  30  17ec030  GOWTHAM H (FETCHED)
31  31  17ec031  HARI PRASATH S (FETCHED)
32  32  17ec032  HARIDHA VAISHNAVI V (FETCHED)
33  33  17ec033  HARIHARAN D (FETCHED)
34  34  17ec034  HARIHARAN S (FETCHED)
35  35  17ec035  JACOB NOVAN NELSON A (FETCHED)
36  36  17ec036  JAISHARMILA  P (FETCHED)
37  37  17ec037  JASVINE JEBA M (FETCHED)
38  38  17ec038  JAYASHREE B (FETCHED)
39  39  17ec039  KAFILURRAHMAN K (FETCHED)
40  40  17ec040  KAMPIRI HAVISH (FETCHED)
41  41  17ec041  KANDESH M (FETCHED)
42  42  17ec042  KARTHICK P (FETCHED)
43  43  17ec043  KARTHIKEYAN A (FETCHED)
44  44  17ec044  KARTHIKEYAN V (FETCHED)
45  45  17ec045  KEERTHANA S (FETCHED)
46  46  17ec046  KIRAN G S (FETCHED)
47  47  17ec047  LINGESHWARAN R (FETCHED)
48  48  17ec048  MADESH M (FETCHED)
49  49  17ec049  MALASRI V (FETCHED)
50  50  17ec050  MANIKANDAN V (FETCHED)
51  51  17ec051  MOHAMED ABDUL KAIYOOM  H M (FETCHED)
52  52  17ec052  MOHAMMED IMRANULLAH M (FETCHED)
53  53  17ec053  MUGA HEMALATHA (FETCHED)
54  54  17ec054  NAVEEN D (FETCHED)
55  55  17ec055  NIRANJAN K K (FETCHED)
56  56  17ec056  NIVETHA S (FETCHED)
57  57  17ec057  PALGUNAN M (FETCHED)
58  58  17ec058  PAVANKUMAAR M (FETCHED)
59  59  17ec059  PAVITHRA M (FETCHED)
60  60  17ec060  PEDDU RAKESH (FETCHED)
61  61  17ec061  PELLURU SAI SUSHMA (FETCHED)
62  62  17ec062  POOJA RAJASEKHARAN (FETCHED)
63  63  17ec063  PRANAV S (FETCHED)
64  64  17ec064  PRAVEEN SARAVANA BHAVAN (FETCHED)
65  65  17ec065  PUGALENTHIRAN V (FETCHED)
66  66  17ec066  RAGHAVENTHAN V (FETCHED)
67  67  17ec067  RAHUL P S (FETCHED)
68  68  17ec068  RAMYA  E (FETCHED)
69  69  17ec069  RENUGHA DEVI R (FETCHED)
70  70  17ec070  RISHWANTH M S (FETCHED)
71  71  17ec071  ROHITH KUMAR K (FETCHED)
72  72  17ec072  ROHITH VENKATESH S (FETCHED)
73  73  17ec073  ROSHNI PRASENTH K (FETCHED)
74  74  17ec074  RUPESH B (FETCHED)
75  75  17ec075  RUSHITH THOMAS M (FETCHED)
76  76  17ec076  SANDHYA K (FETCHED)
77  77  17ec077  SANJAY G (FETCHED)
78  78  17ec078  SANJAY M (FETCHED)
79  79  17ec079  SANTHOSH KUMAR R (FETCHED)
80  80  17ec080  SARAVANAKUMAR M (FETCHED)
81  81  17ec081  SARVESHWARAN S (FETCHED)
82  82  17ec082  SASIPRIYA S (FETCHED)
83  83  17ec083  SATYA VENKATA SANTOSH M (FETCHED)
84  84  17ec084  SHALVIN CHELLAIAH D (FETCHED)
85  85  17ec085  SHAM KARTHIK S (FETCHED)
86  86  17ec086  SHEIK MOHAMMED A K (FETCHED)
87  87  17ec087  SHIVANI R (FETCHED)
88  88  17ec088  SHRI VAIDYA RAGHAVAN D (FETCHED)
89  89  17ec089  SIDDHARTH D                             (NOT FETCHED)
90  90  17ec090  SIVAKAMI B (FETCHED)
91  91  17ec091  SNEKA S (FETCHED)
92  92  17ec092  SRINIVAS K M (FETCHED)
93  93  17ec093  THANZEEM MOHAMED SHERIFF S (FETCHED)
94  94  17ec094  VENKAT KUMAR J (FETCHED)
95  95  17ec095  VIGNESH B (FETCHED)
96  96  17ec096  VIGNESH E (FETCHED)
97  97  17ec097  VIGNESH J (FETCHED)
98  98  17ec098  VIGNESH KUMAR S (FETCHED)
99  99  17ec099  VIGNESHWARAN S (FETCHED)
100  100  17ec100  VISHNU D (FETCHED)
101  101  17ec101  YAZHINI A (FETCHED)
102  102  17ec102  YOKESHVARAN M (FETCHED)
103  103  17ec103  YUVARAJ R (FETCHED)
104  104  17ec104  RUBAN S                             (NOT FETCHED)
105  17ec105  (no student)
106  17ec106  (no student)
107  17ec107  (no student)
108  17ec108  (no student)
109  17ec109  (no student)
