FETCH LOG for  18 ['civil']
Requested by DarkGlance#6849


Corrected departments  :  ['ce']


Searching in dept ce
roll number format found out to be  :  18ce01

1  1  18ce01  FUAD RASMI S (FETCHED)
2  2  18ce02  HARIPRASAD K (FETCHED)
3  3  18ce03  KALAISELVAN  S (FETCHED)
4  4  18ce04  KARTHIK S (FETCHED)
5  5  18ce05  KEERTHICK BALAJI S (FETCHED)
6  6  18ce06  MAIBAM AMARJIT MEITEI (FETCHED)
7  7  18ce07  SHANE ABRAHAM (FETCHED)
8  8  18ce08  SRIGANESAN S (FETCHED)
9  9  18ce09  SUBASH V (FETCHED)
10  10  18ce10  SUHAIBU HUSSAIN A R (FETCHED)
11  11  18ce11  SURYA G S (FETCHED)
12  12  18ce12  BHUVANESHWARI K                             (NOT FETCHED)
13  13  18ce13  GOUTHAM RAJ S                             (NOT FETCHED)
14  14  18ce14  BHARATH M                             (NOT FETCHED)
15  15  18ce15  A VIJAYAKUMAR                             (NOT FETCHED)
16  16  18ce16  DEVARAJ A                             (NOT FETCHED)
17  17  18ce17  SURESH J                             (NOT FETCHED)
18  18  18ce18  MELKIES RAJA S                             (NOT FETCHED)
19  19  18ce19  SHIVA M                             (NOT FETCHED)
20  18ce20  (no student)
21  18ce21  (no student)
22  18ce22  (no student)
23  18ce23  (no student)
24  18ce24  (no student)
