FETCH LOG for  18 ['eee']
Requested by DarkGlance#6849


Corrected departments  :  ['ee']


Searching in dept ee
roll number format found out to be  :  18ee001

1  1  18ee001  AARON PETER (FETCHED)
2  2  18ee002  ARISH T (FETCHED)
3  3  18ee003  ASHWIN J (FETCHED)
4  4  18ee004  DIVYA DHARSHAN K (FETCHED)
5  5  18ee005  EDWIN EMANUEL RAJAN S (FETCHED)
6  6  18ee006  HAYMA VARSHINE Y (FETCHED)
7  7  18ee007  JANANI R (FETCHED)
8  8  18ee008  KARTHI C H (FETCHED)
9  9  18ee009  KAVIBHARATHI V (FETCHED)
10  10  18ee010  KISHORE  D (FETCHED)
11  11  18ee011  MANOJ S (FETCHED)
12  12  18ee012  MATHU RAJA SELVAM  A (FETCHED)
13  13  18ee013  MEENAKSHI P (FETCHED)
14  14  18ee014  PARTHASARATHY P (FETCHED)
15  15  18ee015  RAJESH R (FETCHED)
16  16  18ee016  RAMYA R (FETCHED)
17  17  18ee017  RAVINDRAKUMAR S (FETCHED)
18  18  18ee018  REVATHY T (FETCHED)
19  19  18ee019  SANTHANA BHARATHY R (FETCHED)
20  20  18ee020  SOMASUBHARNA K (FETCHED)
21  21  18ee021  SOORIYANARAYANAN (FETCHED)
22  22  18ee022  SURAJ D (FETCHED)
23  23  18ee023  THIRUKUMARAN (FETCHED)
24  24  18ee024  ULAGANATHAN S (FETCHED)
25  25  18ee025  SATHISH KUMAR U                             (NOT FETCHED)
26  26  18ee026  UMESHWARAN B                             (NOT FETCHED)
27  27  18ee027  S MITHUN                             (NOT FETCHED)
28  18ee028  (no student)
29  18ee029  (no student)
30  18ee030  (no student)
31  18ee031  (no student)
32  18ee032  (no student)
