FETCH LOG for  18 ['aero']
Requested by DarkGlance#6849


Corrected departments  :  ['ae']


Searching in dept ae
roll number format found out to be  :  18ae01

1  1  18ae01  ABHINAV BARATH C G (FETCHED)
2  2  18ae02  ABISHEK H (FETCHED)
3  3  18ae03  ADITHYA A S (FETCHED)
4  4  18ae04  AJAY K (FETCHED)
5  5  18ae05  AJAYRAJAN G (FETCHED)
6  6  18ae06  AJITH  R (FETCHED)
7  7  18ae07  ANGEL S (FETCHED)
8  8  18ae08  BAREDDY SAI YASWANTH REDDY (FETCHED)
9  9  18ae09  BATHIRISUGHAN  M (FETCHED)
10  10  18ae10  BHUMESH SHARMA (FETCHED)
11  11  18ae11  DANIEL RAJKUMAR R (FETCHED)
12  12  18ae12  DHARSHINI S (FETCHED)
13  13  18ae13  GANNURI RUPESH (FETCHED)
14  14  18ae14  HARIHARAN D (FETCHED)
15  15  18ae15  KAMALI G (FETCHED)
16  16  18ae16  KASARAM LAKSHMI NIVAS (FETCHED)
17  17  18ae17  KEZIYA J R (FETCHED)
18  18  18ae18  KRISHNA SWAMY  R (FETCHED)
19  19  18ae19  MANISH N (FETCHED)
20  20  18ae20  MELINI D (FETCHED)
21  21  18ae21  MOHAMED ASIF N (FETCHED)
22  22  18ae22  MOHAMED THOUFIQ S U (FETCHED)
23  23  18ae23  MOHAMMED SUHAIL S (FETCHED)
24  24  18ae24  NAVANEETHA KRISHNAN S (FETCHED)
25  25  18ae25  NIHAL MONI GEORGE (FETCHED)
26  26  18ae26  PRANEET  SAMUEL G (FETCHED)
27  27  18ae27  PRATHEEP G (FETCHED)
28  28  18ae28  PREMKUMAR  A (FETCHED)
29  29  18ae29  PRIYATHESWAR  G (FETCHED)
30  30  18ae30  REUBEN BENEDICT (FETCHED)
31  31  18ae31  ROSHAN ANILKUMAR SALUNKHE (FETCHED)
32  32  18ae32  SAMIRUDDIN S (FETCHED)
33  33  18ae33  SARABESHWAR  C S P                             (NOT FETCHED)
34  34  18ae34  SASIDHARAN E (FETCHED)
35  35  18ae35  SIDDHARTH N (FETCHED)
36  36  18ae36  SRIVATSAN P (FETCHED)
37  37  18ae37  SUBASH CHANDRA BOSE L (FETCHED)
38  38  18ae38  SUWETHAA K (FETCHED)
39  39  18ae39  THARUN RAJ A (FETCHED)
40  40  18ae40  THULASI G (FETCHED)
41  41  18ae41  TSAPA NITISH KUMAR (FETCHED)
42  42  18ae42  VANDHANA M S (FETCHED)
43  43  18ae43  VIGNESH NACHIYAPPAN N (FETCHED)
44  44  18ae44  VINODH KUMAR S (FETCHED)
45  45  18ae45  VISHWAS PRAVEEN (FETCHED)
46  46  18ae46  VISHWESH MAHALINGAM (FETCHED)
47  47  18ae47  YOKESWARAN S (FETCHED)
48  48  18ae48  BALASUBRAMANIAN S                             (NOT FETCHED)
49  18ae49  (no student)
50  18ae50  (no student)
51  18ae51  (no student)
52  18ae52  (no student)
53  18ae53  (no student)
