FETCH LOG for  17 ['civil']
Requested by DarkGlance#6849


Corrected departments  :  ['ce']


Searching in dept ce
roll number format found out to be  :  17ce001

1  1  17ce001  ABILASH BERRY S (FETCHED)
2  2  17ce002  ABINESH M P (FETCHED)
3  3  17ce003  AJI ALEX S (FETCHED)
4  4  17ce004  AJISHA M (FETCHED)
5  5  17ce005  AJITH KUMAR M (FETCHED)
6  6  17ce006  AJMEER KAJA N (FETCHED)
7  7  17ce007  AKASH RAJ C (FETCHED)
8  8  17ce008  AKHILA C K (FETCHED)
9  9  17ce009  ANTO ARSHATH L (FETCHED)
10  10  17ce010  ASHWIN V (FETCHED)
11  11  17ce011  BALAJI P (FETCHED)
12  12  17ce012  BALAJI R (FETCHED)
13  13  17ce013  DAZIL TAGORE R (FETCHED)
14  14  17ce014  DEEPAK KUMAR S (FETCHED)
15  15  17ce015  DEEPAN M (FETCHED)
16  16  17ce016  GANESH C K (FETCHED)
17  17  17ce017  GAYATHRI N (FETCHED)
18  18  17ce018  GITANJALI V (FETCHED)
19  19  17ce019  GITESH KAUSHIK (FETCHED)
20  20  17ce020  GODSON V S (FETCHED)
21  21  17ce021  GOWTHAMRAJ  G (FETCHED)
22  22  17ce022  HARI PRASANTH S (FETCHED)
23  23  17ce023  HARI SHANKAR M (FETCHED)
24  24  17ce024  JAGATHRATCHAGAN S (FETCHED)
25  25  17ce025  JEMIMMA PATRICIA FRANKLIN (FETCHED)
26  26  17ce026  JOSHWA GEORGE (FETCHED)
27  27  17ce027  KARTHICKRAJHA S (FETCHED)
28  28  17ce028  KARTHIK B (FETCHED)
29  29  17ce029  KATHIR PRASANNA R (FETCHED)
30  30  17ce030  KISHORE KUMAR N (FETCHED)
31  31  17ce031  MANIKANDAN B (FETCHED)
32  32  17ce032  MANIKANDAN T (FETCHED)
33  33  17ce033  MATHESVAREN M (FETCHED)
34  34  17ce034  MOHAMED ASIQ M (FETCHED)
35  35  17ce035  MOHAMED SIDDIQ ARSH A (FETCHED)
36  36  17ce036  NISHANTHAN T R D (FETCHED)
37  37  17ce037  PRAGATHEESHWARI T (FETCHED)
38  38  17ce038  PRASANNA R (FETCHED)
39  39  17ce039  PRAVIN RAAJ E (FETCHED)
40  40  17ce040  RAMARAJ S (FETCHED)
41  41  17ce041  RATHIESH M (FETCHED)
42  42  17ce042  SAI ASWIN  B (FETCHED)
43  43  17ce043  SANTHOSHKUMAR E (FETCHED)
44  44  17ce044  SARAN S M (FETCHED)
45  45  17ce045  SARATH KUMAR S (FETCHED)
46  46  17ce046  SAROON ABISHEK G (FETCHED)
47  47  17ce047  SATHISH M (FETCHED)
48  48  17ce048  SIDDARTH K (FETCHED)
49  49  17ce049  SIVARAMAKRISHNAN G (FETCHED)
50  50  17ce050  SRI RAMASUBRAMANIAN K (FETCHED)
51  51  17ce051  SURENDRAN K (FETCHED)
52  52  17ce052  VIGNESAN C J (FETCHED)
53  53  17ce053  VISHNU ESWAR S (FETCHED)
54  54  17ce054  VISHWA J (FETCHED)
55  55  17ce055  YOGESHWARAN P (FETCHED)
56  56  17ce056  YUGENDIRAN S (FETCHED)
57  57  17ce057  VIDYASAHAR S                             (NOT FETCHED)
58  58  17ce058  KUSHAGRA RAI                             (NOT FETCHED)
59  59  17ce059  EZHIL SUNDARAN K                             (NOT FETCHED)
60  60  17ce060  MULAKATI SAI MAHESH                             (NOT FETCHED)
61  17ce061  (no student)
62  17ce062  (no student)
63  17ce063  (no student)
64  17ce064  (no student)
65  17ce065  (no student)
