FETCH LOG for  18 ['auto']
Requested by DarkGlance#6849


Corrected departments  :  ['at']


Searching in dept at
roll number format found out to be  :  18at01

1  1  18at01  ASWIN  C G (FETCHED)
2  2  18at02  CHANDRU R (FETCHED)
3  3  18at03  DARSHAN S (FETCHED)
4  4  18at04  FREDRICK DONALD C (FETCHED)
5  5  18at05  KUMARESWARAN A (FETCHED)
6  6  18at06  LAKSHMANAN R (FETCHED)
7  7  18at07  MOHAMED SHAKE FAREED  O M (FETCHED)
8  8  18at08  MOHAMMED MUDHASSER M (FETCHED)
9  9  18at09  RAJKUMAR S K (FETCHED)
10  10  18at10  RANJITH K (FETCHED)
11  11  18at11  SAI ASHWIN N (FETCHED)
12  12  18at12  SASIDHARAN M                             (NOT FETCHED)
13  13  18at13  SURESH KRISHNA T (FETCHED)
14  14  18at14  VIGNESH S (FETCHED)
15  15  18at15  VISVESH R (FETCHED)
16  16  18at16  YENTRAPATI GEETHIK SUMANTH (FETCHED)
17  17  18at17  ASHOKKUMAR R                             (NOT FETCHED)
18  18  18at18  SOORIYA NARAYANAN C P                             (NOT FETCHED)
19  19  18at19  NAGARAJ B                             (NOT FETCHED)
20  18at20  (no student)
21  18at21  (no student)
22  18at22  (no student)
23  18at23  (no student)
24  18at24  (no student)
