FETCH LOG for  17 ['cse']
Requested by DarkGlance#6849


Corrected departments  :  ['cs']


Searching in dept cs
roll number format found out to be  :  17cs001

1  1  17cs001  AATHITHYA KATHIRESAN S (FETCHED)
2  2  17cs002  ABARNAA R (FETCHED)
3  3  17cs003  ABDUL BASIT N (FETCHED)
4  4  17cs004  ABHILA B (FETCHED)
5  5  17cs005  AGARSHANA K (FETCHED)
6  6  17cs006  AKASH B (FETCHED)
7  7  17cs007  AKASH S (FETCHED)
8  8  17cs008  AKSHAYA CHELVI T N (FETCHED)
9  9  17cs009  AKSHAYAA M M (FETCHED)
10  10  17cs010  ALLAN RAHUL B (FETCHED)
11  11  17cs011  AMARTHYA R (FETCHED)
12  12  17cs012  ANIRUDH B (FETCHED)
13  13  17cs013  ANKINAPALLI OMSAI (FETCHED)
14  14  17cs014  ARAVINTH V S (FETCHED)
15  15  17cs015  BALAMURUGAN D (FETCHED)
16  16  17cs016  BHARATH KUMAR M (FETCHED)
17  17  17cs017  BHAVADHARSHINI M (FETCHED)
18  18  17cs018  BHUVANESHVAR NARAYAN J H (FETCHED)
19  19  17cs019  BIBHUDYUTI NAYAK (FETCHED)
20  20  17cs020  BIJJAM MANEESH KUMAR REDDY (FETCHED)
21  21  17cs021  CHETAN C (FETCHED)
22  22  17cs022  CLAUDIA LOIS  R (FETCHED)
23  23  17cs023  DANIEL CHRISTOPHER J (FETCHED)
24  24  17cs024  DELPHIN PERIYANAYAGI M (FETCHED)
25  25  17cs025  DINEHA G (FETCHED)
26  26  17cs026  GIRIDHARAN R (FETCHED)
27  27  17cs027  GOKUL D (FETCHED)
28  28  17cs028  GOWTHAM S (FETCHED)
29  29  17cs029  GUNDALA SAI PREETHAM REDDY (FETCHED)
30  30  17cs030  HARIKRISHNA G (FETCHED)
31  31  17cs031  HARISH KUMAR E (FETCHED)
32  32  17cs032  HARISH V (FETCHED)
33  33  17cs033  HEMALATHA E (FETCHED)
34  34  17cs034  JADAPALLI DINESH KUMAR (FETCHED)
35  35  17cs035  JAGATHEESH S (FETCHED)
36  36  17cs036  JEYAKUMAR V (FETCHED)
37  37  17cs037  JOSEPHINE RACHEAL  J (FETCHED)
38  38  17cs038  KAMALI M (FETCHED)
39  39  17cs039  KARAN P (FETCHED)
40  40  17cs040  KATRAGUNTA MOUNISH (FETCHED)
41  41  17cs041  KAVINNILAA J (FETCHED)
42  42  17cs042  KIRUBA M B (FETCHED)
43  43  17cs043  KOUSHIKA M (FETCHED)
44  44  17cs044  LEO CELESTINE S (FETCHED)
45  45  17cs045  MAHASRI P (FETCHED)
46  46  17cs046  MARRSHAL BEN MANUEL P S (FETCHED)
47  47  17cs047  MARY JENIFER P (FETCHED)
48  48  17cs048  MOHAMED THARIK J (FETCHED)
49  49  17cs049  MOHAMED THARIQ A (FETCHED)
50  50  17cs050  MONISHA N (FETCHED)
51  51  17cs051  NANDHINI S (FETCHED)
52  52  17cs052  NANDHIS S (FETCHED)
53  53  17cs053  NATARAJA PRAVEEN THOTA (FETCHED)
54  54  17cs054  NIKHIL B (FETCHED)
55  55  17cs055  NIRUPAMA A (FETCHED)
56  56  17cs056  NIVETHAA M (FETCHED)
57  57  17cs057  PARTHASARATHY T (FETCHED)
58  58  17cs058  PAVITHRA N (FETCHED)
59  59  17cs059  PRABAKARAN R M (FETCHED)
60  60  17cs060  PRABHAKARAN G (FETCHED)
61  61  17cs061  PRADEEPAN K (FETCHED)
62  62  17cs062  PRAVEEN S (FETCHED)
63  63  17cs063  PREETHIKA S (FETCHED)
64  64  17cs064  PRIYANKA  S (FETCHED)
65  65  17cs065  PUVIRAJ C (FETCHED)
66  66  17cs066  RAGUL K (FETCHED)
67  67  17cs067  RAHUL V (FETCHED)
68  68  17cs068  RAJESH KUMAR V (FETCHED)
69  69  17cs069  RAJKUMAR R (FETCHED)
70  70  17cs070  RAMACHANDRAN P (FETCHED)
71  71  17cs071  RANJITH K (FETCHED)
72  72  17cs072  RATISH S (FETCHED)
73  73  17cs073  RAYSHMI B                             (NOT FETCHED)
74  74  17cs074  RESHMA A (FETCHED)
75  75  17cs075  RISHI KUMAR S K (FETCHED)
76  76  17cs076  ROHITH M (FETCHED)
77  77  17cs077  ROOBATHARSAN J (FETCHED)
78  78  17cs078  RUBAN HARIS B (FETCHED)
79  79  17cs079  SABESH KUMAR S (FETCHED)
80  80  17cs080  SACHIN KUMAR M (FETCHED)
81  81  17cs081  SANJAY RAM R (FETCHED)
82  82  17cs082  SARANYA E (FETCHED)
83  83  17cs083  SATYAM TIWARI (FETCHED)
84  84  17cs084  SHYAM SUNDAR A (FETCHED)
85  85  17cs085  SIDDHARTH S (FETCHED)
86  86  17cs086  SRINIDHI  V (FETCHED)
87  87  17cs087  SRIPATHI P (FETCHED)
88  88  17cs088  SRIVIDYA K (FETCHED)
89  89  17cs089  SURYA M (FETCHED)
90  90  17cs090  SURYA MURTHI S M (FETCHED)
91  91  17cs091  SURYA NARAYANAN R S (FETCHED)
92  92  17cs092  SUSITHRA V (FETCHED)
93  93  17cs093  SWATHI S (FETCHED)
94  94  17cs094  TAMIZHANBAN K (FETCHED)
95  95  17cs095  THATAVARTHI JAYAKALA DURGA  ALEKHYA (FETCHED)
96  96  17cs096  TINESH AMIRTHALINGAM J (FETCHED)
97  97  17cs097  VARSHAA D (FETCHED)
98  98  17cs098  VENKATESH R (FETCHED)
99  99  17cs099  VIGNESH D (FETCHED)
100  100  17cs100  VIGNESH T (FETCHED)
101  101  17cs101  VIGNESHWARAN R (FETCHED)
102  102  17cs102  VISHAL S B (FETCHED)
103  103  17cs103  VISHALI S (FETCHED)
104  104  17cs104  YENUGU PREETHI (FETCHED)
105  105  17cs105  YUVARAJ B (FETCHED)
106  106  17cs106  YUVASHREE E (FETCHED)
107  107  17cs107  TELAGAMSETTY MEHER SUBRAHMANYAM (FETCHED)
108  108  17cs108  BHUVANESHWARI K                             (NOT FETCHED)
109  109  17cs109  SASIKUMAR V                             (NOT FETCHED)
110  110  17cs110  BISHRUTI GOPE                             (NOT FETCHED)
111  111  17cs111  SATYAM ROY                             (NOT FETCHED)
112  17cs112  (no student)
113  17cs113  (no student)
114  17cs114  (no student)
115  17cs115  (no student)
116  17cs116  (no student)
