FETCH LOG for  17 ['me']
Requested by DarkGlance#6849


Corrected departments  :  ['me']


Searching in dept me
roll number format found out to be  :  17me001

1  1  17me001  ABDUL HAMEED A (FETCHED)
2  2  17me002  ABINESH SHALOM S (FETCHED)
3  3  17me003  ABISHEK A S (FETCHED)
4  4  17me004  ADITHYA K UNNI (FETCHED)
5  5  17me005  ANAND M V (FETCHED)
6  6  17me006  ANANDH C MATHEN JOSEPH (FETCHED)
7  7  17me007  ANITH S (FETCHED)
8  8  17me008  ARAVIND M (FETCHED)
9  9  17me009  ARJUN A G (FETCHED)
10  10  17me010  BABU GANESAN B (FETCHED)
11  11  17me011  BALA GANESH R (FETCHED)
12  12  17me012  BERTYLN JOSEPH S (FETCHED)
13  13  17me013  BHARATH KUMAR K (FETCHED)
14  14  17me014  BHUVAN KUMAR V (FETCHED)
15  15  17me015  BHUVANESHWER  P S (FETCHED)
16  16  17me016  DEEPAK SANDEEP K (FETCHED)
17  17  17me017  DEVA KUMAR A (FETCHED)
18  18  17me018  DHANUSH K (FETCHED)
19  19  17me019  DHANUSH SRINIVASAN V (FETCHED)
20  20  17me020  DHINESHKUMAR R (FETCHED)
21  21  17me021  DIPAK HARIHARAN J R (FETCHED)
22  22  17me022  EDGAR UGINE U (FETCHED)
23  23  17me023  FEBIN D (FETCHED)
24  24  17me024  FELIX REMIGIUS M (FETCHED)
25  25  17me025  FLORINA JANE P                             (NOT FETCHED)
26  26  17me026  GATTAMANENI MANOHAR (FETCHED)
27  27  17me027  GOKULRAAJ A (FETCHED)
28  28  17me028  GOPALAKRISHNAN M S (FETCHED)
29  29  17me029  GOWTHAM M                             (NOT FETCHED)
30  30  17me030  GURU VIGNESH  S (FETCHED)
31  31  17me031  HABEEB MOHAMED ANFHAL  P (FETCHED)
32  32  17me032  HARI KRISHNAN M (FETCHED)
33  33  17me033  HARIHARAN K (FETCHED)
34  34  17me034  HARIHARAN P (FETCHED)
35  35  17me035  HARILAL S  K (FETCHED)
36  36  17me036  HARISH RAGHAVAN M (FETCHED)
37  37  17me037  JAYARAM P (FETCHED)
38  38  17me038  JAYESH EDDY PERCY (FETCHED)
39  39  17me039  JINO G R (FETCHED)
40  40  17me040  JISHNU RAJA K C (FETCHED)
41  41  17me041  JOSHUVA D (FETCHED)
42  42  17me042  KISHORE KUMAR R (FETCHED)
43  43  17me043  LOKESH P (FETCHED)
44  44  17me044  MAHENDRAN K (FETCHED)
45  45  17me045  MAHESH RATHAN CHOUDHARI R (FETCHED)
46  46  17me046  MAMILLAPALLI JITENDRA VENKATA SAI (FETCHED)
47  47  17me047  MANIMARAN B (FETCHED)
48  48  17me048  MIR FIDA HUSSAIN (FETCHED)
49  49  17me049  MOHAMED MOHAIDEEN A (FETCHED)
50  50  17me050  MONESH L (FETCHED)
51  51  17me051  MOSWIN JEBARAJ T (FETCHED)
52  52  17me052  MUGUNTHAN K (FETCHED)
53  53  17me053  NARESH KUMARAN M (FETCHED)
54  54  17me054  NARESH S (FETCHED)
55  55  17me055  NAVEEN KRISHNA K S (FETCHED)
56  56  17me056  NITHEESH P (FETCHED)
57  57  17me057  NITHISH KANNAN R (FETCHED)
58  58  17me058  NOEL M JONES (FETCHED)
59  59  17me059  PAUL JOSHUA V (FETCHED)
60  60  17me060  PRABHAKARAN R (FETCHED)
61  61  17me061  PRADHATCHAYA R (FETCHED)
62  62  17me062  PRAKASH K (FETCHED)
63  63  17me063  PRAKASH S (FETCHED)
64  64  17me064  PRASANNAVENGATESH J (FETCHED)
65  65  17me065  PRAVEEN KUMAR D (FETCHED)
66  66  17me066  RAGHAVA KRISHNA S                             (NOT FETCHED)
67  67  17me067  RAGHUL K (FETCHED)
68  68  17me068  RAGHUL T (FETCHED)
69  69  17me069  RAMKUMAR C (FETCHED)
70  70  17me070  RAVI VISHNU B (FETCHED)
71  71  17me071  RISHAB E (FETCHED)
72  72  17me072  ROBBIE DANIEL  P (FETCHED)
73  73  17me073  SABAREESH R (FETCHED)
74  74  17me074  SABARINATHAN Y (FETCHED)
75  75  17me075  SAI PRAKASH  K (FETCHED)
76  76  17me076  SAKTHI GNANAVEL G (FETCHED)
77  77  17me077  SAMUEL THOMAS (FETCHED)
78  78  17me078  SANDEEP GEORGE R (FETCHED)
79  79  17me079  SANGEETH KUMAR M (FETCHED)
80  80  17me080  SATHISH  V (FETCHED)
81  81  17me081  SENTHIL ARASU K (FETCHED)
82  82  17me082  SHANKARAN S (FETCHED)
83  83  17me083  SHARATH B H (FETCHED)
84  84  17me084  SIDDHARTH G (FETCHED)
85  85  17me085  SREENATH M (FETCHED)
86  86  17me086  SRIHARI M (FETCHED)
87  87  17me087  SRIRAM P (FETCHED)
88  88  17me088  STANY JANVEL A (FETCHED)
89  89  17me089  SURENDHAR P (FETCHED)
90  90  17me090  TADISETTI CHARAN DIXIT RAO (FETCHED)
91  91  17me091  TAMIL SELVAM P (FETCHED)
92  92  17me092  THILAK REMIGIUS M (FETCHED)
93  93  17me093  THIVESH T (FETCHED)
94  94  17me094  VASANTHKUMAR S (FETCHED)
95  95  17me095  VENKATESAN M (FETCHED)
96  96  17me096  VIGNESH K (FETCHED)
97  97  17me097  VIGNESH R (FETCHED)
98  98  17me098  VIGNESH SUBRAMANIAN R (FETCHED)
99  99  17me099  VIGNESHWARAN R (FETCHED)
100  100  17me100  VIJAY R (FETCHED)
101  101  17me101  VIJAY V (FETCHED)
102  102  17me102  VINOTH RAJ D (FETCHED)
103  103  17me103  VISHNU KUMAR D (FETCHED)
104  104  17me104  VISHNU VARUN T (FETCHED)
105  105  17me105  YOGHAN RAM @ PAVAN M (FETCHED)
106  106  17me106  VIJAI SRI ARUN K P                             (NOT FETCHED)
107  107  17me107  INDIRAJITH M                             (NOT FETCHED)
108  108  17me108  JAGADEESH S                             (NOT FETCHED)
109  109  17me109  ARULGANESH T                             (NOT FETCHED)
110  110  17me110  SELVA KUMAR S                             (NOT FETCHED)
111  111  17me111  MANOJKUMAR C                             (NOT FETCHED)
112  112  17me112  DHANASAYAN D                             (NOT FETCHED)
113  113  17me113  MOULI RAJAN S                             (NOT FETCHED)
114  114  17me114  RUPAM DEB NATH                             (NOT FETCHED)
115  115  17me115  SHREE VIDYA SAGAR S                             (NOT FETCHED)
116  116  17me116  RAMAVELMURUGAN R                             (NOT FETCHED)
117  117  17me117  NAVIN R                             (NOT FETCHED)
118  118  17me118  MUKESH P                             (NOT FETCHED)
119  17me119  (no student)
120  17me120  (no student)
121  17me121  (no student)
122  17me122  (no student)
123  17me123  (no student)
