FETCH LOG for  17 ['it']
Requested by DarkGlance#6849


Corrected departments  :  ['it']


Searching in dept it
roll number format found out to be  :  17it01

1  1  17it01  ABILASH C S (FETCHED)
2  2  17it02  ABILASH M R (FETCHED)
3  3  17it03  ANEESHSA D (FETCHED)
4  4  17it04  ARISH NARAYANAN V (FETCHED)
5  5  17it05  ARUN VISHAL R (FETCHED)
6  6  17it06  ARUNACHALAM P L (FETCHED)
7  7  17it07  ARUNTHATHI N (FETCHED)
8  8  17it08  BALAJI V (FETCHED)
9  9  17it09  DINAKARAN M (FETCHED)
10  10  17it10  FAZLUL KAREEM S (FETCHED)
11  11  17it11  GOWRI MANOHAR S (FETCHED)
12  12  17it12  HARI VIGNESH R (FETCHED)
13  13  17it13  HARIKRISHNAN S (FETCHED)
14  14  17it14  HARISH V R (FETCHED)
15  15  17it15  JERON BERSELIN J (FETCHED)
16  16  17it16  KRISHNA P (FETCHED)
17  17  17it17  MAGESHWARI R (FETCHED)
18  18  17it18  MALAVIKA R (FETCHED)
19  19  17it19  MANISHASRINIDHI M (FETCHED)
20  20  17it20  MOHAMED ARSHAD MUBEEN R (FETCHED)
21  21  17it21  MOHAMMED ASRAF ALI A (FETCHED)
22  22  17it22  MOHANA KRISHNA KUMAR A (FETCHED)
23  23  17it23  MUTHUKANI R (FETCHED)
24  24  17it24  PRADEEP RAJ S (FETCHED)
25  25  17it25  PRANAV R                             (NOT FETCHED)
26  26  17it26  RAJKUMARAN V (FETCHED)
27  27  17it27  RAMESH S (FETCHED)
28  28  17it28  SABARINATHAN D (FETCHED)
29  29  17it29  SATHISH G (FETCHED)
30  30  17it30  SAYEE DARSHAN J K (FETCHED)
31  31  17it31  SHARON S (FETCHED)
32  32  17it32  SRI KIRUTHIKA G (FETCHED)
33  33  17it33  SUSHANTH PALLAV S (FETCHED)
34  34  17it34  SUWATHI T (FETCHED)
35  35  17it35  THANUJA R K V (FETCHED)
36  36  17it36  VASANTHAKUMAR A (FETCHED)
37  37  17it37  VIGNESH B (FETCHED)
38  38  17it38  VIGNESH M (FETCHED)
39  39  17it39  VISWESWARAN K (FETCHED)
40  40  17it40  VIVEK S (FETCHED)
41  17it41  (no student)
42  17it42  (no student)
43  17it43  (no student)
44  17it44  (no student)
45  17it45  (no student)
