FETCH LOG for  18 ['ece']
Requested by DarkGlance#6849


Corrected departments  :  ['ec']


Searching in dept ec
roll number format found out to be  :  18ec001

1  1  18ec001  ABISHEK B (FETCHED)
2  2  18ec002  ACHYUT N (FETCHED)
3  3  18ec003  AISHWARYA D (FETCHED)
4  4  18ec004  ASHIKA  R (FETCHED)
5  5  18ec005  AVINASH KUMAR JHA A (FETCHED)
6  6  18ec006  CHEBOLU LOKESH (FETCHED)
7  7  18ec007  CHEJERLA BRAMHANI (FETCHED)
8  8  18ec008  CLAUDIA CHRISTY V J (FETCHED)
9  9  18ec009  DHANDAPANI  N (FETCHED)
10  10  18ec010  DINESH KUMAR R (FETCHED)
11  11  18ec011  DINESH KUMAR R (FETCHED)
12  12  18ec012  DURAI  P (FETCHED)
13  13  18ec013  GOKUL P (FETCHED)
14  14  18ec014  GUNA V (FETCHED)
15  15  18ec015  HAMRITHA A S (FETCHED)
16  16  18ec016  HARISH KANNA G (FETCHED)
17  17  18ec017  HEMAMALINI  J (FETCHED)
18  18  18ec018  ILAKYA J (FETCHED)
19  19  18ec019  IRENE MICHELLE W (FETCHED)
20  20  18ec020  JAYA SOUMEYAA  P K (FETCHED)
21  21  18ec021  JENNIFER T (FETCHED)
22  22  18ec022  JUSTIN S (FETCHED)
23  23  18ec023  KALANITHY  K (FETCHED)
24  24  18ec024  KALTHI REDDY BHARGAV (FETCHED)
25  25  18ec025  KESINENI SUKESH CHANDRA (FETCHED)
26  26  18ec026  LAKSHMANA KUMAR K (FETCHED)
27  27  18ec027  MAHARISHI S (FETCHED)
28  28  18ec028  MAHIMA KUMARI (FETCHED)
29  29  18ec029  MATHAN J (FETCHED)
30  30  18ec030  MENAKA P K (FETCHED)
31  31  18ec031  MOHAMED ASHIK M Z (FETCHED)
32  32  18ec032  NANDHINI B (FETCHED)
33  33  18ec033  NANTHINE T (FETCHED)
34  34  18ec034  NAVEENPRASAD R (FETCHED)
35  35  18ec035  NITYA T (FETCHED)
36  36  18ec036  NIVEDHIDHA K (FETCHED)
37  37  18ec037  PARAMESHWARAN S (FETCHED)
38  38  18ec038  PAVEEN K (FETCHED)
39  39  18ec039  PRASANTH S (FETCHED)
40  40  18ec040  PRIYANKA K (FETCHED)
41  41  18ec041  RAJA VIKRAM SINGAN K (FETCHED)
42  42  18ec042  RAKESH KUMAR M (FETCHED)
43  43  18ec043  RAMYA B (FETCHED)
44  44  18ec044  RAMYA E (FETCHED)
45  45  18ec045  ROJIN RAJU (FETCHED)
46  46  18ec046  SAILESH S (FETCHED)
47  47  18ec047  SANJAAY P S (FETCHED)
48  48  18ec048  SELVA M (FETCHED)
49  49  18ec049  SHAHUL HAMEED M (FETCHED)
50  50  18ec050  SHARAN  R (FETCHED)
51  51  18ec051  SHOBIKA  M (FETCHED)
52  52  18ec052  SNEHA  T (FETCHED)
53  53  18ec053  SREEDHARANI M P (FETCHED)
54  54  18ec054  SRI SAKTICHARAN N (FETCHED)
55  55  18ec055  SRI SUBRAMANIAM N (FETCHED)
56  56  18ec056  SUNDAR R (FETCHED)
57  57  18ec057  SWATHI P (FETCHED)
58  58  18ec058  SWETHA  P (FETCHED)
59  59  18ec059  SWETHA T (FETCHED)
60  60  18ec060  TATAVARY RUJULA (FETCHED)
61  61  18ec061  THAMIZH PUNGUIL U (FETCHED)
62  62  18ec062  THENDRALARASAN  R K (FETCHED)
63  63  18ec063  UDHAYAKUMAR M (FETCHED)
64  64  18ec064  UMESH HARIHARA SUDAN M (FETCHED)
65  65  18ec065  VENKATA NAGA SATYA SAI SRI S (FETCHED)
66  66  18ec066  VENKATESH T M (FETCHED)
67  67  18ec067  VICKRAMAN P I (FETCHED)
68  68  18ec068  VIGNESH B (FETCHED)
69  69  18ec069  VIGNESH  S (FETCHED)
70  70  18ec070  VIGNESHWARAN   U (FETCHED)
71  71  18ec071  YUVASHREE R M (FETCHED)
72  72  18ec072  DEEPAK P                             (NOT FETCHED)
73  73  18ec073  VINOTH K                             (NOT FETCHED)
74  18ec074  (no student)
75  74  18ec075  KAMESH G                             (NOT FETCHED)
76  75  18ec076  LAWANYA PILLAI                             (NOT FETCHED)
77  76  18ec077  SAPTARSHI SENGUPTA                             (NOT FETCHED)
78  77  18ec078  P KRITHIKA                             (NOT FETCHED)
79  18ec079  (no student)
80  18ec080  (no student)
81  18ec081  (no student)
82  18ec082  (no student)
