FETCH LOG for  17 ['aero']
Requested by DarkGlance#6849


Corrected departments  :  ['ae']


Searching in dept ae
roll number format found out to be  :  17ae001

1  1  17ae001  AAKASH SUVARAJ K R (FETCHED)
2  2  17ae002  ABISHEK VIMAL KUMAR C (FETCHED)
3  3  17ae003  AGADHEESH S (FETCHED)
4  4  17ae004  AJAY KRISHNA S (FETCHED)
5  5  17ae005  ARAVIND R (FETCHED)
6  6  17ae006  ARJUN R                             (NOT FETCHED)
7  7  17ae007  ARUNKUMAR K (FETCHED)
8  8  17ae008  ATHUL KRISHNA G (FETCHED)
9  9  17ae009  BALAJI M (FETCHED)
10  10  17ae010  BALASUBRAMANIAM J (FETCHED)
11  11  17ae011  BHARATH EASHWAR R (FETCHED)
12  12  17ae012  BHARATH R (FETCHED)
13  13  17ae013  BHUVANESHWARAN B (FETCHED)
14  14  17ae014  DELHI GANESH B (FETCHED)
15  15  17ae015  DHANESH D (FETCHED)
16  16  17ae016  DHANUSH ANAND J (FETCHED)
17  17  17ae017  DHILIP RAJ S (FETCHED)
18  18  17ae018  DHURUVA P (FETCHED)
19  19  17ae019  DILIPKUMAR S (FETCHED)
20  20  17ae020  GANESHKARTHIC M (FETCHED)
21  21  17ae021  GURU RAJAN  S K (FETCHED)
22  22  17ae022  HARI PRASATH J                             (NOT FETCHED)
23  23  17ae023  HARISHKANNA K (FETCHED)
24  24  17ae024  JAPHETH MCLANCE  R (FETCHED)
25  25  17ae025  JESTEN VIMALKUMAR J (FETCHED)
26  26  17ae026  JIM EBENEZAR MANICKAM (FETCHED)
27  27  17ae027  KALAIROJA K (FETCHED)
28  28  17ae028  KALAIYARASAN E (FETCHED)
29  29  17ae029  KARTHIK R (FETCHED)
30  30  17ae030  KARTHIKA B S (FETCHED)
31  31  17ae031  KAUSAR A (FETCHED)
32  32  17ae032  KUNAGALLA VAMSI (FETCHED)
33  33  17ae033  LAKSHMAN RAGAVENDAR N (FETCHED)
34  34  17ae034  LISPHAN AKASH M (FETCHED)
35  35  17ae035  LOGASHREE K (FETCHED)
36  36  17ae036  MAHABOOBUR RAHMAN M (FETCHED)
37  37  17ae037  MATHISHARMA G (FETCHED)
38  38  17ae038  MIDHUN ROSHAN DHAS C (FETCHED)
39  39  17ae039  MOHAN RISHIKESH M (FETCHED)
40  40  17ae040  MOHANACHANDRAN  A (FETCHED)
41  41  17ae041  MOTHIRAJATHI K                             (NOT FETCHED)
42  42  17ae042  MUGESH KUMAR E (FETCHED)
43  43  17ae043  NARESH CHANDRA (FETCHED)
44  44  17ae044  NAVEEN KUMAR M (FETCHED)
45  45  17ae045  NESHATH C (FETCHED)
46  46  17ae046  NISHANTH  L (FETCHED)
47  47  17ae047  PALADUGU NAGA CHAITANYA (FETCHED)
48  48  17ae048  PAVAI N P (FETCHED)
49  49  17ae049  PAVITHRA R (FETCHED)
50  50  17ae050  POORNIMA G (FETCHED)
51  51  17ae051  PRABAKAR A (FETCHED)
52  52  17ae052  PRATHIKSHA K (FETCHED)
53  53  17ae053  PRAVEEN M (FETCHED)
54  54  17ae054  PRAVEEN M (FETCHED)
55  55  17ae055  RAGASURYA  S (FETCHED)
56  56  17ae056  RAJ MOHAMED S (FETCHED)
57  57  17ae057  RAMESH B                             (NOT FETCHED)
58  58  17ae058  RAMKUMAR P (FETCHED)
59  59  17ae059  RANJITH A (FETCHED)
60  60  17ae060  RANJITH E (FETCHED)
61  61  17ae061  RAVI KUMAR M (FETCHED)
62  62  17ae062  RISHIKESH M (FETCHED)
63  63  17ae063  ROHITH P (FETCHED)
64  64  17ae064  SABARISH K (FETCHED)
65  65  17ae065  SAI YOKESHWAR N (FETCHED)
66  66  17ae066  SANJAY KUMAR (FETCHED)
67  67  17ae067  SHARWIN KUMAAR S S (FETCHED)
68  68  17ae068  SHINDUBYRAVI M (FETCHED)
69  69  17ae069  SINGAMSETTY KYATHISWAR (FETCHED)
70  70  17ae070  SIVARANJANI S (FETCHED)
71  71  17ae071  SNEGHA R (FETCHED)
72  72  17ae072  SOLOMON JERALD A (FETCHED)
73  73  17ae073  SRIDHARAN B (FETCHED)
74  74  17ae074  SURIYA R (FETCHED)
75  75  17ae075  SURYA LAWRANCE (FETCHED)
76  76  17ae076  TAMILSELVAN S (FETCHED)
77  77  17ae077  THAJUDDIN A (FETCHED)
78  78  17ae078  THEJSHRI A (FETCHED)
79  79  17ae079  UPPALA THARUN (FETCHED)
80  80  17ae080  VALLAPU BHASKAR RAO (FETCHED)
81  81  17ae081  VARSHINI M E (FETCHED)
82  82  17ae082  VENKATACHALAM  S (FETCHED)
83  83  17ae083  VIGNESH J (FETCHED)
84  84  17ae084  VIGNESH V (FETCHED)
85  85  17ae085  VIJAYA MADESH G (FETCHED)
86  86  17ae086  VIKRAM B (FETCHED)
87  87  17ae087  VIMAL KUMAR D (FETCHED)
88  88  17ae088  VISHAK V (FETCHED)
89  89  17ae089  VISHNU DAS R (FETCHED)
90  90  17ae090  VYAS JATINKUMAR MANUBHAI (FETCHED)
91  91  17ae091  KSHITIJ TYAGI (FETCHED)
92  92  17ae092  LOGESH KUMAR K                             (NOT FETCHED)
93  93  17ae093  MD FAYEZ SK                             (NOT FETCHED)
94  94  17ae094  ABISHEK P                             (NOT FETCHED)
95  17ae095  (no student)
96  17ae096  (no student)
97  17ae097  (no student)
98  17ae098  (no student)
99  17ae099  (no student)
