Search LOG for  21 PRIYAN ['all']
Requested by DarkGlance#6849


Corrected departments  :  dict_keys(['ad', 'ae', 'ao', 'at', 'ce', 'cs', 'ec', 'ee', 'ei', 'ft', 'it', 'mc', 'me'])

Keyword  :  PRIYAN


Searching in dept ad
roll number format found out to be  :  21ad01

1  1  21ad01  ABDUL RAQIB AJAZ SHARIFF
2  2  21ad02  ABINAYA R V
3  3  21ad03  ABISHEK V
4  4  21ad04  ANAND B
5  5  21ad05  ANSEBIN TONEE M J
6  6  21ad06  ANUKSHA K
7  7  21ad07  AUNSTIN CAROLD
8  8  21ad08  BRINDHA G
9  9  21ad09  CHARUMATHI M
10  10  21ad10  DHANUSH A
11  11  21ad11  DIKESH K
12  12  21ad12  DINAKARAN S
13  13  21ad13  DONISHA M
14  14  21ad14  ELANDEVAN E N
15  15  21ad15  FEBIN P GEORGE
16  16  21ad16  GOKULAKRISHNAN S
17  17  21ad17  GOPIKA SRI K
18  18  21ad18  GOUSHIK SAM P
19  19  21ad19  HARIHARAN S V
20  20  21ad20  HEBCIBA JENNIFER S
21  21  21ad21  HINDUJA C
22  22  21ad22  JAYAKUMAR A
23  23  21ad23  JOBERT M JEFFERSON
24  24  21ad24  KANDAN V
25  25  21ad25  KANIMOZHI A
26  26  21ad26  KARAN B
27  27  21ad27  KUMARAN E
28  28  21ad28  LINGESHWARAN S
29  29  21ad29  LOKESH J
30  30  21ad30  MADHUMITHA M
31  31  21ad31  MRITHULA R
32  32  21ad32  MUSKAN P
33  33  21ad33  NAVEEN KRISHNA R
34  34  21ad34  NEHA SINGH
35  35  21ad35  NITHISH KUMAR J
36  36  21ad36  POOJITHA D
37  37  21ad37  PRATHYUSH HARIHARAN M R
38  38  21ad38  PRAVEENA S
39  39  21ad39  PRISHIKA Y
40  40  21ad40  PRITHIKA M
41  41  21ad41  RAGAVENDAR G
42  42  21ad42  RINTO A VARGHESE
43  43  21ad43  ROHIT MARIAN A
44  44  21ad44  SAI KALYANARAMAN S
45  45  21ad45  SARUP R
46  46  21ad46  SASHREEK R
47  47  21ad47  SHALON ABRAHAM
48  48  21ad48  SHANDON SAMUEL S
49  49  21ad49  SHANMUGA PRIYA A
50  50  21ad50  SHANTHOSH S
51  51  21ad51  SIVA PRAKASH S
52  52  21ad52  SNEHA SIVAKUMAR
53  53  21ad53  SRIRAM A
54  54  21ad54  SUDARSHAN K
55  55  21ad55  SUDHIR C M
56  56  21ad56  SURJITH G V
57  57  21ad57  SURYA NARAYAN U
58  58  21ad58  THARANI S
59  59  21ad59  TITUS CHENISON C S
60  60  21ad60  VARSHA S
61  61  21ad61  VISHNU A C
62  62  21ad62  VISHNU V
63  63  21ad63  YAADAV A GOWTHAM
64  64  21ad64  SUDHARSAN S
65  65  21ad65  VENKAT RAMAN B
66  66  21ad66  MANIKANDAN J
67  67  21ad67  (no student)
68  68  21ad68  (no student)
69  69  21ad69  (no student)
70  70  21ad70  (no student)
71  71  21ad71  (no student)


Searching in dept ae
roll number format found out to be  :  21ae01

72  1  21ae01  ABHILASH TIWARI
73  2  21ae02  ABINAYA V
74  3  21ae03  AKALYA A
75  4  21ae04  ANUSRI S
76  5  21ae05  ARUNKUMAR S
77  6  21ae06  BHARATH R
78  7  21ae07  BLESSERT REGULAS
79  8  21ae08  CHANDRAKANT KUMAR
80  9  21ae09  CHARAN P
81  10  21ae10  CHIMALA DILEEP REDDY
82  11  21ae11  CHRIS LENARD R
83  12  21ae12  DEEPAK M
84  13  21ae13  DEEPAK RAJ R
85  14  21ae14  DEEPAK SRINIVASA C B
86  15  21ae15  GHETH NARAYAN R
87  16  21ae16  GOKUL P
88  17  21ae17  GIRIRAJ T
89  18  21ae18  HARIKRISHNAN K
90  19  21ae19  JAYANDHAN M
91  20  21ae20  JEMIMA JENNIFER B
92  21  21ae21  SESHA THALPA SAI K
93  22  21ae22  KALLIES P
94  23  21ae23  MENANTER THIRUMARAN K
95  24  21ae24  MOHAMED ARSHATH M
96  25  21ae25  MOHITHA R T
97  26  21ae26  MOSES DHINAKARAN R
98  27  21ae27  NITAN KUMAR LASHOTRA
99  28  21ae28  NISHA C
100  29  21ae29  PARTHASARATHY B
101  30  21ae30  PRASANTH S
102  31  21ae31  PREETHI A
103  32  21ae32  RASAMALLA NAVYA
104  33  21ae33  RAGHUPATHI P
105  34  21ae34  RAMANAN K
106  35  21ae35  RANJITHA V
107  36  21ae36  RICKY BEVAN M
108  37  21ae37  ROSHAN RAAGAVENDAR Y
109  38  21ae38  ROUNELL JONATHAN ROZARIO
110  39  21ae39  SABARISH D
111  40  21ae40  SARANYA S G
112  41  21ae41  SHAINAZ B
113  42  21ae42  SHATEEKA R
114  43  21ae43  SHYAM SUNDHAR N
115  44  21ae44  SILAMBARASAN D
116  45  21ae45  SRIRAM S
117  46  21ae46  SURYA P
118  47  21ae47  VAIGUND V
119  48  21ae48  VARSHA RAMESH
120  49  21ae49  VIGNESHWARAN P
121  50  21ae50  VINAY KUMAR V
122  51  21ae51  VISHNU A
123  52  21ae52  VISHWAS S
124  53  21ae53  EBIGIN BIVIN JOSHUA
125  54  21ae54  SAM JEBAKUMAR A
126  55  21ae55  PINJARI MAHABOOB BASHA
127  56  21ae56  ARUL R
128  57  21ae57  ARAVINDH E
129  58  21ae58  JEJIN BARNABAS THURAI J
130  59  21ae59  GOPINATH J
131  60  21ae60  SHAIK MOHAMMED  TAIBULLAH
132  61  21ae61  ARAVINDH K
133  62  21ae62  (no student)
134  63  21ae63  (no student)
135  64  21ae64  (no student)
136  65  21ae65  (no student)
137  66  21ae66  (no student)


Searching in dept ao
roll number format found out to be  :  21ao01

138  1  21ao01  ADARSH PRATAP SINGH
139  2  21ao02  ADLINE BENISHIYA PAUL
140  3  21ao03  ANGELIN ANANI A S
141  4  21ao04  ANIRUDDHA CHOWDHURY
142  5  21ao05  ANNA ANBARASU K G
143  6  21ao06  ANUSUYA M K
144  7  21ao07  ARAVINTAKSHAN M
145  8  21ao08  ARUPYA T
146  9  21ao09  ASHWINI SAI K S
147  10  21ao10  ASMITAA M
148  11  21ao11  ASWIN KUMAR S
149  12  21ao12  ASWIN RAJ S
150  13  21ao13  ATHIPATHIRAJA P
151  14  21ao14  ATHULYA A
152  15  21ao15  BALAJI SAGAR S
153  16  21ao16  BARANIYA P
154  17  21ao17  CHAUGULE RUSHIKA BANDU
155  18  21ao18  DHAKSHINAMOORTHY K
156  19  21ao19  DHANUSH HARIHARAN S
157  20  21ao20  DHIVAKAR K
158  21  21ao21  DINESH KUMAR D
159  22  21ao22  GIRIDHARAN S
160  23  21ao23  GOKUL RAJ D
161  24  21ao24  GOKUL S KUMAR
162  25  21ao25  GURU PRASAD P R
163  26  21ao26  HARIPRASATH A
164  27  21ao27  HAZEL SENA GOMES
165  28  21ao28  HONNASHREE R
166  29  21ao29  JANIEL PIUS
167  30  21ao30  JAYALAKSHMI J
168  31  21ao31  JAYASSREE G U
169  32  21ao32  JOSHUA BENETTE
170  33  21ao33  KABILAN K
171  34  21ao34  KARTHICKEYAN M
172  35  21ao35  KASAR SWANAND SANTOSH
173  36  21ao36  LALU V
174  37  21ao37  MORE MAYURESH MANGESH
175  38  21ao38  MUTHU KANNAN M
176  39  21ao39  NAFISA B
177  40  21ao40  NATARAJAN S
178  41  21ao41  NISHANTH R
179  42  21ao42  RAMYA KRISHNAN V
180  43  21ao43  SAGAYA JECINTH K
181  44  21ao44  SATHISH KUMAR M
182  45  21ao45  SHAWN JACOB S
183  46  21ao46  SHOVITHA M
184  47  21ao47  SHREE RAM K
185  48  21ao48  SHREYA K S
186  49  21ao49  SINCHAN S RAM
187  50  21ao50  SUDHARSAN R
188  51  21ao51  SUKIN RAJ M P
189  52  21ao52  SURENDAR S
190  53  21ao53  SURYA S
191  54  21ao54  TAMIL AMUTHAN K
192  55  21ao55  VIDHUSH B
193  56  21ao56  VARSHINI S
194  57  21ao57  SIBITOYAA K
195  58  21ao58  MANISH KUMAR U
196  59  21ao59  Heyshiya K
197  60  21ao60  AJITH A
198  61  21ao61  (no student)
199  62  21ao62  (no student)
200  63  21ao63  (no student)
201  64  21ao64  (no student)
202  65  21ao65  (no student)


Searching in dept at
roll number format found out to be  :  21at01

203  1  21at01  AKILESH M
204  2  21at02  BALASUBRAMANI M
205  3  21at03  JEHAN S
206  4  21at04  KARTHIKEYAN K
207  5  21at05  MALAIYAPPAN M
208  6  21at06  NARAYANAN K
209  7  21at07  NITHISH K
210  8  21at08  PRAKADEESHWARAN A
211  9  21at09  RAHUL DRAVID S
212  10  21at10  ROSHAN S
213  11  21at11  SANJAY S(13-11-2003)
214  12  21at12  SANJAY S(18-04-2004)
215  13  21at13  SEETHARAMAN P
216  14  21at14  SHAIK KAMEEL
217  15  21at15  SIBI SANKAR K
218  16  21at16  SRIVATHSAN A
219  17  21at17  SYED IBRAHIM V S
220  18  21at18  SYED MOHAMMED M
221  19  21at19  VELU KAILASH S
222  20  21at20  VISHAL M
223  21  21at21  MUGESH G
224  22  21at22  NAVEEN RAJ Y
225  23  21at23  IRSHAD AHMED N
226  24  21at24  LOGAN KUMAR V
227  25  21at25  KATHIRESAN S
228  26  21at26  PADARTHI SANDEEP
229  27  21at27  CHINNASAMY M
230  28  21at28  (no student)
231  29  21at29  (no student)
232  30  21at30  (no student)
233  31  21at31  (no student)
234  32  21at32  (no student)


Searching in dept ce
roll number format found out to be  :  21ce01

235  1  21ce01  GOKULPRIYAN M  (MATCH)
236  2  21ce02  HEAVENLY PAUL ROSHAN S
237  3  21ce03  MOHAMED AFZAL A
238  4  21ce04  NONGYAIMAYUM SANATHOI
239  5  21ce05  PABISH M
240  6  21ce06  ROMARIO YAITHENGBAM
241  7  21ce07  SORAM UTTAM SINGH
242  8  21ce08  VASANTH M
243  9  21ce09  VIGNESH M
244  10  21ce10  AHAMED ARSATH HANEEF H
245  11  21ce11  MANOJ KUMAR J N
246  12  21ce12  PADMASHREE P
247  13  21ce13  BARKHA DEBBARMA
248  14  21ce14  GOYIR BASAR
249  15  21ce15  Chunthanlung Rongmei
250  16  21ce16  (no student)
251  17  21ce17  (no student)
252  18  21ce18  (no student)
253  19  21ce19  (no student)
254  20  21ce20  (no student)


Searching in dept cs
roll number format found out to be  :  21cs001

255  1  21cs001  AADITYA C S
256  2  21cs002  ABINAYA R
257  3  21cs003  AJAY M
258  4  21cs004  AJITH NARAYAN V
259  5  21cs005  AKAASH DANIEL S
260  6  21cs006  AKSHATH JAYAKUMAR
261  7  21cs007  ALWIN D
262  8  21cs008  AMIRAH AANJUM MN
263  9  21cs009  AMITHESH T S
264  10  21cs010  ANBARASU T
265  11  21cs011  ANJU M U
266  12  21cs012  ANNAMALAI S
267  13  21cs013  ARAVIND J G
268  14  21cs014  ARUNKUMAR S
269  15  21cs015  ASHIK DEEN N
270  16  21cs016  ASHIKA MATHI
271  17  21cs017  ASHWANTH KUMAR
272  18  21cs018  ASHWIN A
273  19  21cs019  AVINKUMAR S
274  20  21cs020  BARATH RAJ M
275  21  21cs021  CHIRUKURU HARI VARDHAN
276  22  21cs022  DEEPAK A
277  23  21cs023  DEVADHARSHINI G
278  24  21cs024  DHANUSH A
279  25  21cs025  DHANUSH B
280  26  21cs026  DHANUSH S
281  27  21cs027  DHAYANITHI P
282  28  21cs028  DHIVAKARNATH K
283  29  21cs029  DINESH KUMAR R
284  30  21cs030  DIVAINA L A
285  31  21cs031  DIVYA BHARATHI S
286  32  21cs032  DIVYAN A
287  33  21cs033  ELSON SAMUEL S
288  34  21cs034  EZHILARASAN G
289  35  21cs035  FAREEDHA K
290  36  21cs036  FARHAAN AHMED S
291  37  21cs037  GAJENDHIRAN S
292  38  21cs038  GANESH E
293  39  21cs039  GEETHAATHMAN S
294  40  21cs040  GOKUL G J
295  41  21cs041  GOWRI LAKSHMI D
296  42  21cs042  GRACY NAVAROSE N
297  43  21cs043  HARINI S
298  44  21cs044  HARISH K
299  45  21cs045  HARSAVARDHAN S
300  46  21cs046  JAGANATHAN K
301  47  21cs047  JANARDAN B R
302  48  21cs048  JAYAGANESH G
303  49  21cs049  JEEVA P
304  50  21cs050  JESSICA R
305  51  21cs051  KAAMESHWAR K
306  52  21cs052  KAARMUKIL E
307  53  21cs053  KAARTHIKEYAN S
308  54  21cs054  KALPANA DEVI L G
309  55  21cs055  KALYANASUNDARAM K
310  56  21cs056  KARTHICK K
311  57  21cs057  KAVI KEERTHANA A
312  58  21cs058  KAVIYA A
313  59  21cs059  KAVIYARASAN D
314  60  21cs060  KAVYA C H
315  61  21cs061  KIRUTHIK S R
316  62  21cs062  KISHORE KUMAR S
317  63  21cs063  KISHORE R
318  64  21cs064  KRISHNA KHANTH I
319  65  21cs065  KRITHICK J
320  66  21cs066  LAVANYA D
321  67  21cs067  MADHAV KRISHNAN U
322  68  21cs068  MAHITHOSH S
323  69  21cs069  MATHLIN SARORAI A S
324  70  21cs070  MOHAMED VASIM B
325  71  21cs071  MOHAMMED AASHIQ S
326  72  21cs072  MOHANAPRIYA M
327  73  21cs073  NARENDRAN U
328  74  21cs074  NAVNEEDH KRISHNA S K
329  75  21cs075  NIRMALA DEVI M
330  76  21cs076  NISHANT DEV
331  77  21cs077  NISHANTHI E
332  78  21cs078  NITHESHKUMAR S
333  79  21cs079  NITHYASHREE D
334  80  21cs080  PANDIARAJAN S
335  81  21cs081  PRABHU M P
336  82  21cs082  PRASHANTH G
337  83  21cs083  PRASANTH T
338  84  21cs084  PRAVEEN KUMAR P(02-08-2003)
339  85  21cs085  PRITHIYANGA
340  86  21cs086  PRIYADHARSINI M
341  87  21cs087  RAKESH N
342  88  21cs088  RAMANAN S V
343  89  21cs089  RAVINDRANATH M
344  90  21cs090  RIJIN RANGAN J
345  91  21cs091  RITHVIK R
346  92  21cs092  RIYA ELIZABETH RENI
347  93  21cs093  ROHAN R
348  94  21cs094  RUDHRA KUMAR S
349  95  21cs095  SAAI JAGAN S
350  96  21cs096  SAHAYA ARLIN NATHINSHA S
351  97  21cs097  SAMIRA S
352  98  21cs098  SANDHIYA K
353  99  21cs099  SANJAI A
354  100  21cs100  SANJAY KUMAR G
355  101  21cs101  SANJIEV KUMAR M
356  102  21cs102  SANSANA SHREE S
357  103  21cs103  SANTHANA KRISHNAN V
358  104  21cs104  SANTHOSH M
359  105  21cs105  SARAVANA PRIYAN G  (MATCH)
360  106  21cs106  SHANTHA PRIYA T
361  107  21cs107  SHERLIN JENEFA I M
362  108  21cs108  SHIBIN M J
363  109  21cs109  SHOBA A
364  110  21cs110  SIVAKUMAR J
365  111  21cs111  SRI KRISHNA M
366  112  21cs112  SRIRAM V
367  113  21cs113  SRIVIBHAVAN K
368  114  21cs114  SUBHASHREE K
369  115  21cs115  SUJITHA P
370  116  21cs116  THARUNIKA B P
371  117  21cs117  THIRSHATH MORAIS M
372  118  21cs118  TINO C
373  119  21cs119  UMASHANKARI R
374  120  21cs120  VAKKALAGADDA DRISHTI RAO
375  121  21cs121  VALLIAMMAI C K
376  122  21cs122  VIGNESH MOHAN
377  123  21cs123  VIGNESH S
378  124  21cs124  VIMAL KUMAR V
379  125  21cs125  VIMALRAJ R
380  126  21cs126  VISHALI K
381  127  21cs127  KARUPPIYAH N A
382  128  21cs128  PREMKUMAR S
383  129  21cs129  AADHISH S
384  130  21cs130  SUNJAIY PRAKASH A
385  131  21cs131  SANTHOSH M
386  132  21cs132  SANJAY KARTHICK P
387  133  21cs133  INBATAMIZHAN S
388  134  21cs134  VISHAGAN K
389  135  21cs135  REIZHMA A S
390  136  21cs136  SHEIK MOHAMED P
391  137  21cs137  (no student)
392  138  21cs138  (no student)
393  139  21cs139  (no student)
394  140  21cs140  (no student)
395  141  21cs141  (no student)


Searching in dept ec
roll number format found out to be  :  21ec01

396  1  21ec01  ABDUL AZEZ I
397  2  21ec02  ABHINAV K
398  3  21ec03  ABINAYA M V
399  4  21ec04  ABINAYA S
400  5  21ec05  ABISHEK J A
401  6  21ec06  AISHWARYA S
402  7  21ec07  AKKASH RAJ S
403  8  21ec08  AMRITHA K
404  9  21ec09  ANANTHESH S
405  10  21ec10  ANNIE BLESSY K
406  11  21ec11  ARCHANA P
407  12  21ec12  ARUN P
408  13  21ec13  ARUNKUMAR P
409  14  21ec14  ASHWINKUMAR S
410  15  21ec15  ASMITHA K
411  16  21ec16  BALAMURUGAN S
412  17  21ec17  BRITINA PEARLSIDA B
413  18  21ec18  DHINESH S
414  19  21ec19  DURGADEVI V
415  20  21ec20  ELIZABETH ANN NINAN
416  21  21ec21  GANESH KUMAR K
417  22  21ec22  GIRIDHARAN A
418  23  21ec23  GNANA VARSHINI S
419  24  21ec24  GOKULARAMANA M
420  25  21ec25  GOPALAKRISHNAN A
421  26  21ec26  HARI SANKARI K
422  27  21ec27  HARIHARAN A
423  28  21ec28  HARIHARAN M
424  29  21ec29  HARISH ARAVINDH S
425  30  21ec30  HEMACHANDRAN R
426  31  21ec31  HEMAPRIYA S
427  32  21ec32  IDA MERCY K
428  33  21ec33  JAGADEESH K
429  34  21ec34  JASMINE D
430  35  21ec35  JENITA MECHALIN A
431  36  21ec36  JENNIFER V
432  37  21ec37  JEYA PRAKASH R
433  38  21ec38  JOSE RIYAN A
434  39  21ec39  KIRUTHIKA R
435  40  21ec40  KISHORE KUMAR D
436  41  21ec41  KISHORE KUMAR R
437  42  21ec42  KISHORE N
438  43  21ec43  LAKSHMIKANT KANAV
439  44  21ec44  LOGESH S
440  45  21ec45  LOGESHWARI A
441  46  21ec46  LOGESHWARI C
442  47  21ec47  LOKESHWARAN S
443  48  21ec48  MADESH M
444  49  21ec49  MAGA SHREE S
445  50  21ec50  MAHESH S
446  51  21ec51  MEENAKSHI G V
447  52  21ec52  MOHAMED RAZEETHA M
448  53  21ec53  MOHAMED ZAID G
449  54  21ec54  NAVEEN G
450  55  21ec55  NAVEEN KUMAR S
451  56  21ec56  NAVIN KUMAR S
452  57  21ec57  NISHA B
453  58  21ec58  PRASANNA KUMAR R
454  59  21ec59  PRINCE D
455  60  21ec60  PRINCE PRASANNA KUMAR R K
456  61  21ec61  PRIYAN PAUL SAMUEL P  (MATCH)
457  62  21ec62  RAGHAVAN R
458  63  21ec63  RAKESH KUMAR R
459  64  21ec64  RANJITH KUMAR G
460  65  21ec65  RAVIKUMAR K S
461  66  21ec66  RISHAB MURTHI K
462  67  21ec67  ROHAN KUMAR A
463  68  21ec68  SABARISH B
464  69  21ec69  SABURA HUMAIRA M
465  70  21ec70  SAMUEL SANTHOSH K
466  71  21ec71  SANDEEP BABU S
467  72  21ec72  SANGEETHA P
468  73  21ec73  SANJAY M
469  74  21ec74  SANNU NANDU
470  75  21ec75  SHALINI PRIYANKA S  (MATCH)
471  76  21ec76  SHANMATHI M
472  77  21ec77  SHANMITHA S
473  78  21ec78  SHEBAAZ NAWAZ S
474  79  21ec79  SHRIYA S
475  80  21ec80  SIVADHARSHINI N
476  81  21ec81  SIVASANKAR V
477  82  21ec82  SRI DEVI J
478  83  21ec83  SRIJAN R
479  84  21ec84  SRIKRISHNA V
480  85  21ec85  THARUN KARTHI M
481  86  21ec86  THEJASSWINI S S
482  87  21ec87  THOMAS REGAN R
483  88  21ec88  VARUN KARTHICK M
484  89  21ec89  VARUNKUMARA R S
485  90  21ec90  VIDHYA E
486  91  21ec91  VIGNESWARAN S
487  92  21ec92  VIJAYALAKSHMI V
488  93  21ec93  YASHWANTH S
489  94  21ec94  YOGESH P
490  95  21ec95  MAGESH M
491  96  21ec96  SWETHA S
492  97  21ec97  (no student)
493  98  21ec98  (no student)
494  99  21ec99  (no student)
495  100  21ec100  YADHAVAN
496  101  21ec101  PREETHIJAA N
497  102  21ec102  JEEVA PANDI K
498  103  21ec103  (no student)
499  104  21ec104  (no student)
500  105  21ec105  (no student)
501  106  21ec106  (no student)
502  107  21ec107  (no student)


Searching in dept ee
roll number format found out to be  :  21ee01

503  1  21ee01  ABINDAS  D
504  2  21ee02  AFREEN SULTANA  A
505  3  21ee03  ALWIN TENNYSON  K
506  4  21ee04  ARJUN  S
507  5  21ee05  BHARATH KUMAR  M
508  6  21ee06  DHIVAKAR  N
509  7  21ee07  DIVAKAR  R
510  8  21ee08  GOGULAVASAN  S
511  9  21ee09  JASON PAUL X V
512  10  21ee10  JEFFY HEPZIBA JOAN  G
513  11  21ee11  JOAN MINALINI RODRIGUEZX V
514  12  21ee12  KISHORE  R
515  13  21ee13  MAHENDRAN  J
516  14  21ee14  MANO G
517  15  21ee15  MANOJ DEVABH RAJ  S D
518  16  21ee16  MUHAMMED AFRIN  C N
519  17  21ee17  MUKILAN M
520  18  21ee18  MUTHU ABINAYA  R
521  19  21ee19  NAVEEN  B
522  20  21ee20  NEWTON RAJA  K
523  21  21ee21  PRIYADARSHINI J
524  22  21ee22  RAHUL G
525  23  21ee23  RUPENDRAA  E
526  24  21ee24  SENTHIL KUMAR  S
527  25  21ee25  SHAIK ALTHAF
528  26  21ee26  SIVA SURYA  S
529  27  21ee27  SRIMAN CHAKKARAVERTHY  M
530  28  21ee28  SUGANTHI  M S
531  29  21ee29  SURENDHIRAN S
532  30  21ee30  SURYA  M
533  31  21ee31  YOGESHWARAN  S
534  32  21ee32  NITHISH KUMAR S
535  33  21ee33  SURYA V
536  34  21ee34  (no student)
537  35  21ee35  (no student)
538  36  21ee36  (no student)
539  37  21ee37  (no student)
540  38  21ee38  (no student)


Searching in dept ei


541  1  21ei01  (no student)
542  2  21ei02  (no student)
543  3  21ei03  (no student)
544  4  21ei04  (no student)
545  5  21ei05  (no student)


Searching in dept ft
roll number format found out to be  :  21ft01

546  1  21ft01  ABINAYA TEENU  T
547  2  21ft02  (no student)
548  3  21ft03  DHANUSH  D
549  4  21ft04  DHARSHINI S
550  5  21ft05  DURAIRAJ S
551  6  21ft06  HARINIPRIYA S
552  7  21ft07  JAESEENA J
553  8  21ft08  LAKSHMI SAGAR  T
554  9  21ft09  MALARKODI   A
555  10  21ft10  MOHAMED FATHIMA  M
556  11  21ft11  MONICA  S
557  12  21ft12  NARMADHA  P
558  13  21ft13  NATHIYA  V
559  14  21ft14  NETHRA SHREE  D
560  15  21ft15  PREMAPRIYA  M
561  16  21ft16  REDOLIN CLARVIN JOSE
562  17  21ft17  SAMYUKTHA  S
563  18  21ft18  SANJAY  P
564  19  21ft19  SATHISH KUMAR  M
565  20  21ft20  SHOBIKA  S
566  21  21ft21  SUBHA  K
567  22  21ft22  YAMINI  S
568  23  21ft23  SUSHMITHA P
569  24  21ft24  MONISHA K
570  25  21ft25  HABIN K H
571  26  21ft26  GUTHULA JAYA SRI SAI GANESH
572  27  21ft27  HASHUWAIAKI LYNGDOH TRON
573  28  21ft28  SUSHMITHA V
574  29  21ft29  DHANUSH K
575  30  21ft30  SRI VIDHYA T
576  31  21ft31  HARI PRASHANTH S
577  32  21ft32  (no student)
578  33  21ft33  (no student)
579  34  21ft34  (no student)
580  35  21ft35  (no student)
581  36  21ft36  (no student)


Searching in dept it
roll number format found out to be  :  21it01

582  1  21it01  ABIRAMI M
583  2  21it02  AMIRTHAVARSHINI K
584  3  21it03  ANAGHA P
585  4  21it04  ARCHANA D
586  5  21it05  ASSMIYA J
587  6  21it06  CHANDRU A
588  7  21it07  DINESH L
589  8  21it08  DINESHKUMAR K
590  9  21it09  DIVYA P
591  10  21it10  ESSAKI RAJA R
592  11  21it11  GAYATHRI G
593  12  21it12  GNANA  ADARSH G
594  13  21it13  HARINI B
595  14  21it14  HARISH A
596  15  21it15  HARISHNI M
597  16  21it16  HEMAPRIYA A
598  17  21it17  HESHIKAA S
599  18  21it18  JEFFRY SHINY S
600  19  21it19  JOSEPH HARSHAN B
601  20  21it20  KISHORE L
602  21  21it21  KORSIPATI ROHINI
603  22  21it22  KORSIPATI VINUTHNA
604  23  21it23  KRITHIKA S
605  24  21it24  KRUTHIKA S
606  25  21it25  KUPPU SHANMUGANATHAN K
607  26  21it26  LAVANYA R
608  27  21it27  MADHANKUMAR S
609  28  21it28  MADHUMITHA P
610  29  21it29  MADHUMITHA S
611  30  21it30  MANIKANDAN K
612  31  21it31  MOHAMED IRFAN S
613  32  21it32  MOHAMED IRFAN N
614  33  21it33  MOHAMED YOUSUF M
615  34  21it34  MOHAMMED KAREEM S
616  35  21it35  NARESH K
617  36  21it36  NITHYASREE V
618  37  21it37  PAVITHRA S
619  38  21it38  PRADEEP RAJ A
620  39  21it39  PRAGADEESH C
621  40  21it40  PRITHIKA Y
622  41  21it41  RAGUNATH S
623  42  21it42  RAJU C
624  43  21it43  RANJITH K
625  44  21it44  RATHIESH R
626  45  21it45  REEGAN R
627  46  21it46  REKHA V
628  47  21it47  SABARISH S
629  48  21it48  SADHANA DEVI S
630  49  21it49  SANJANA C S
631  50  21it50  SARATHY A
632  51  21it51  SARAVANA KUMAR V
633  52  21it52  SATHISH K
634  53  21it53  SELVARAJ K
635  54  21it54  SHRIRAM S S
636  55  21it55  SRIRAM G J
637  56  21it56  SRISAI S
638  57  21it57  SUJITHA A
639  58  21it58  SWAPNIL KUMAR SINGH
640  59  21it59  TARUNES K
641  60  21it60  THARSHIKA R
642  61  21it61  VENKATESH P
643  62  21it62  VIGNESH A
644  63  21it63  VIKRANTHNIVAS D
645  64  21it64  HEMANATHAN M
646  65  21it65  MANIKANDAN B
647  66  21it66  RUBESH KUMAR N
648  67  21it67  BHARATH V R
649  68  21it68  (no student)
650  69  21it69  (no student)
651  70  21it70  (no student)
652  71  21it71  (no student)
653  72  21it72  (no student)


Searching in dept mc
roll number format found out to be  :  21mc01

654  1  21mc01  AATHISH  M
655  2  21mc02  ANGELY PRINTANA  J
656  3  21mc03  ARAVIND SIVA  N
657  4  21mc04  ARUN A
658  5  21mc05  BRUCE BENIEL  A J
659  6  21mc06  DHUWARAK NATH  A
660  7  21mc07  DHUWARAKESH  K
661  8  21mc08  HARIHARABALAJI  S
662  9  21mc09  JABEZ  F
663  10  21mc10  JANANI  S
664  11  21mc11  JETHRO JAIKUMAR  V
665  12  21mc12  JEGAN GNANASEKARAN
666  13  21mc13  JENIX ANDREW  N
667  14  21mc14  KARAN RAJ K
668  15  21mc15  KASHIFA  A
669  16  21mc16  KISHOUREKUMAR  M
670  17  21mc17  MENMOZHI M
671  18  21mc18  NITHEESH  S
672  19  21mc19  PRASANNA G
673  20  21mc20  RUBAN SHANMUGA RAJA
674  21  21mc21  SANJAY KUMAR G
675  22  21mc22  SANJEEV RAJAN  S
676  23  21mc23  SANJEEVKUMAR  K
677  24  21mc24  SIVASANKAR  V
678  25  21mc25  SRIRAM  S
679  26  21mc26  THEVANAND  K
680  27  21mc27  THIRUVENGADAM K
681  28  21mc28  UDAYARISHI  K
682  29  21mc29  VIGNESH  M
683  30  21mc30  YEDHUKRISHNAN  K
684  31  21mc31  NAWAZ SHERIFF M
685  32  21mc32  SANKARAN S
686  33  21mc33  MOFI JASPER IMMANUEL H
687  34  21mc34  RAGHUL V
688  35  21mc35  RUPESH KUMAR B
689  36  21mc36  (no student)
690  37  21mc37  (no student)
691  38  21mc38  (no student)
692  39  21mc39  (no student)
693  40  21mc40  (no student)


Searching in dept me
roll number format found out to be  :  21me01

694  1  21me01  ABDUL RAHMAN H
695  2  21me02  BHOOPATHY S
696  3  21me03  GANESH P
697  4  21me04  GUNASEKARAN N
698  5  21me05  HARISH V
699  6  21me06  JAINTH KUMAR V
700  7  21me07  JEEVAN BABU R
701  8  21me08  KALOOSH H
702  9  21me09  KARTHICK R
703  10  21me10  LOGESH M
704  11  21me11  MAHESWARAN K B
705  12  21me12  NEERAJ NARAYANAN P
706  13  21me13  NIKKESH M
707  14  21me14  PRAVEENKUMAR P
708  15  21me15  SADHEESH R
709  16  21me16  SRI SURIYA S
710  17  21me17  THULASIDOSS I D
711  18  21me18  UKESH M
712  19  21me19  ADWITEEYA R
713  20  21me20  KEERTHIKRISHNA M
714  21  21me21  DANIEL SAMRAJ E
715  22  21me22  SIDHARDH R
716  23  21me23  AKHIL S KUMAR
717  24  21me24  ABISHEK S
718  25  21me25  NITISHKUMAR K
719  26  21me26  HARRISH KISHORE V
720  27  21me27  SURESH Y
721  28  21me28  SIVASUDHAN S
722  29  21me29  DINESH K
723  30  21me30  SAGAR D
724  31  21me31  Ruban Babu M
725  32  21me32  (no student)
726  33  21me33  (no student)
727  34  21me34  (no student)
728  35  21me35  (no student)
729  36  21me36  (no student)
