Search LOG for  22 HIBHA ['all']
Requested by DarkGlance#6849


Corrected departments  :  dict_keys(['ad', 'ae', 'ao', 'at', 'ce', 'cs', 'ec', 'ee', 'ei', 'ft', 'it', 'mc', 'me'])

Keyword  :  HIBHA


Searching in dept ad
roll number format found out to be  :  22ad01

1  1  22ad01  ABIRAM M J
2  2  22ad02  ABU BAKAR SIDDIK S K
3  3  22ad03  AKSHAYA SRI A R
4  4  22ad04  ALAN MATHEW SABU
5  5  22ad05  AMRITHA D S
6  6  22ad06  ARIESH B
7  7  22ad07  BALAMURUGAN P
8  8  22ad08  CHARULATHA S
9  9  22ad09  DEEPASHREE K
10  10  22ad10  DIJIN KARTHIK D
11  11  22ad11  DINESH R
12  12  22ad12  GEON KUMAR R
13  13  22ad13  GNANA DENCY S
14  14  22ad14  GOKUL G
15  15  22ad15  HAAFIL H
16  16  22ad16  HARIHARAN P
17  17  22ad17  HARINI S
18  18  22ad18  HIBHA THASLEEM T  (MATCH)
19  19  22ad19  JAWAHAR M V
20  20  22ad20  JEEVA K
21  21  22ad21  JEEVANANDHAN K
22  22  22ad22  JEEVANANTHAN V
23  23  22ad23  JEMUEL MATHEW JESHURUN G
24  24  22ad24  JENIHA S
25  25  22ad25  KAMALESH S
26  26  22ad26  KANISHKA
27  27  22ad27  KARTHI MATHU PRIYA M
28  28  22ad28  KEREN GIFTA A
29  29  22ad29  MANOJ VISHWA S
30  30  22ad30  MOHAMED ROSHAN IBRAHIM A
31  31  22ad31  MOHAMED SHARAFATH HUSSAIN A
32  32  22ad32  MOHAMMED SHAMAL
33  33  22ad33  MOHANA PRIYA M
34  34  22ad34  MONISH KUMAR
35  35  22ad35  MUTHU PRAKASH L
36  36  22ad36  NAVEEN S
37  37  22ad37  NEYAN R
38  38  22ad38  NIHIL M H
39  39  22ad39  NISHANTH MATTHEW PAUL
40  40  22ad40  PAVITHRA J
41  41  22ad41  PAVULURI  AKHIL
42  42  22ad42  PRASHANTH R
43  43  22ad43  PRAVEEN K
44  44  22ad44  PRIYANKA P
45  45  22ad45  RADHAKRISHNAN M
46  46  22ad46  RAHITH R
47  47  22ad47  RAKESH S R
48  48  22ad48  RANJANASHRI H
49  49  22ad49  SACHIN S M
50  50  22ad50  SAM JOSHUA J
51  51  22ad51  SANJANA J
52  52  22ad52  SHOUKATH ALI AJMAL K
53  53  22ad53  SOMESH RAJ K
54  54  22ad54  SOWMIYA N
55  55  22ad55  SRIMATHI V
56  56  22ad56  SURYA K
57  57  22ad57  SYED ALI ANSARI A
58  58  22ad58  VASANTHARAJ S
59  59  22ad59  VIGNESH R
60  60  22ad60  VISHNU PARTHIBAN M
61  61  22ad61  VISHNU S
62  62  22ad62  Prem Kumar M
63  63  22ad63  Kishanth A G
64  64  22ad64  (no student)
65  65  22ad65  (no student)
66  66  22ad66  (no student)
67  67  22ad67  (no student)
68  68  22ad68  (no student)


Searching in dept ae
roll number format found out to be  :  22ae01

69  1  22ae01  AARON MATHAI JAJI
70  2  22ae02  ANANDHU PRAKASH
71  3  22ae03  ARAVINDHAN  R
72  4  22ae04  ARISHA GAZAL SYED
73  5  22ae05  ARUNA T
74  6  22ae06  ARYA DUTTA S
75  7  22ae07  BALE RAVI KUMAR
76  8  22ae08  DHANUSH GUNASEKAR M
77  9  22ae09  DHANUSH V M
78  10  22ae10  DRAVIN V
79  11  22ae11  ELOPHRIM TRINYSON G
80  12  22ae12  FAJWAH RAHMAN F
81  13  22ae13  GARIT P
82  14  22ae14  GUNAL SUDHAKAR
83  15  22ae15  HARI ARAVINDH S
84  16  22ae16  HARSHITHA K D
85  17  22ae17  JASLIYA BRIGHTLIN S
86  18  22ae18  KALATHEESWARAN P
87  19  22ae19  KARTHICK R
88  20  22ae20  KISHORE A
89  21  22ae21  LYANDRAN S T
90  22  22ae22  MAHESHWARAN C
91  23  22ae23  MOHAMED ZAMEER
92  24  22ae24  MOHD ABDULLAH
93  25  22ae25  NAYAN M K
94  26  22ae26  NETHRADEVI L
95  27  22ae27  NIRANJANA S
96  28  22ae28  NITHISH P
97  29  22ae29  PRAVEEN G
98  30  22ae30  ROHITH T
99  31  22ae31  ROOPESH KUMAR R
100  32  22ae32  RUTHRESHWARAN S
101  33  22ae33  (no student)
102  34  22ae34  SHARVESH S
103  35  22ae35  SHERLIN RIJO S V
104  36  22ae36  SHIVAM AJAY
105  37  22ae37  SNEHA S
106  38  22ae38  SRIBARATH R
107  39  22ae39  STEPHIN SAM
108  40  22ae40  SUDHARSAN R
109  41  22ae41  TIJO SHARON
110  42  22ae42  VARDEEP K
111  43  22ae43  VARRAAOC ADDHITHIYACHOLA C
112  44  22ae44  VEL PANDIMEENA M
113  45  22ae45  VIJAI RAAJ K R
114  46  22ae46  VISHWA V
115  47  22ae47  YUKESH KANNA M
116  48  22ae48  Akshay Kumar K
117  49  22ae49  Vivekadhasan S R
118  50  22ae50  (no student)
119  51  22ae51  (no student)
120  52  22ae52  (no student)
121  53  22ae53  (no student)
122  54  22ae54  (no student)


Searching in dept ao
roll number format found out to be  :  22ao01

123  1  22ao01  ABDUL RAHMAN S
124  2  22ao02  ADITHYA K V
125  3  22ao03  AMALA REHABOTH D
126  4  22ao04  ANANTHA NARAYAN G
127  5  22ao05  ARAVIND SIVA SURYA
128  6  22ao06  ASHMIKA K
129  7  22ao07  BAGATHSINGH I
130  8  22ao08  BARNABAS SAMUEL P
131  9  22ao09  BONTHAPURI SHEMINETH
132  10  22ao10  DAYA S
133  11  22ao11  DESINGU RAJA P
134  12  22ao12  DEVASENA K
135  13  22ao13  DHANUSHA R
136  14  22ao14  DHEEPAK RAJAN L
137  15  22ao15  EESWARAN R
138  16  22ao16  GOPIKA G KRISHNA
139  17  22ao17  GURUMOORTHY M
140  18  22ao18  HARINI N
141  19  22ao19  HARSHBIR SINGH
142  20  22ao20  IGNATIUS NIGEL A
143  21  22ao21  JAWAHAR S
144  22  22ao22  JAYASH NEHRU
145  23  22ao23  JEAY HARINEE M
146  24  22ao24  JENO STEWIN D
147  25  22ao25  KISHOREDASS S
148  26  22ao26  LIYANA T
149  27  22ao27  MEHARU S
150  28  22ao28  MONICA M
151  29  22ao29  MONISH KUMAR B
152  30  22ao30  MOULIDHARAN S
153  31  22ao31  MURALILAL R S
154  32  22ao32  NITHISH KUMAR S
155  33  22ao33  PRANAV  P K
156  34  22ao34  PRAVEEN BARNABAS S
157  35  22ao35  RAHUL KUMAR
158  36  22ao36  RISHIKESH SANJEEV MURNAL
159  37  22ao37  ROMITHA R
160  38  22ao38  SAMYUKTHA G
161  39  22ao39  SATHEESH KUMAR A
162  40  22ao40  SHARIQ ALTAF
163  41  22ao41  SHEIK SHAJID BASHA A
164  42  22ao42  SHREYA BALAKRISHNA PAWAR
165  43  22ao43  SOWMIYA S
166  44  22ao44  SRINITHI B
167  45  22ao45  SRIVARSHINI S
168  46  22ao46  SUDIRSAN B
169  47  22ao47  SUTHARSHANAN S
170  48  22ao48  THARUNKUMAR M S
171  49  22ao49  UMMU AYMAN ZUNAITHA Z
172  50  22ao50  VETRITHIRMALAI B
173  51  22ao51  VIVEK GUPTA
174  52  22ao52  VIVEK ROY M
175  53  22ao53  (no student)
176  54  22ao54  (no student)
177  55  22ao55  (no student)
178  56  22ao56  (no student)
179  57  22ao57  (no student)


Searching in dept at
roll number format found out to be  :  22at01

180  1  22at01  ADITYA K
181  2  22at02  BENSON JOSHUA A
182  3  22at03  BHAVESH N
183  4  22at04  DHAYANITHI M
184  5  22at05  DIVAKAR D
185  6  22at06  DRAVID DEV O
186  7  22at07  LAKSHMAN NIKHIL K
187  8  22at08  MUKUNTH N
188  9  22at09  RAHUL KANNAN K
189  10  22at10  RITESH V
190  11  22at11  ROSHAN U
191  12  22at12  SAAMY BIJU DEVIS
192  13  22at13  SHAIK TAHEER AHMED
193  14  22at14  STANLY ROSHAN ANGEL
194  15  22at15  VIGNESH RAJA M
195  16  22at16  YOKESHWAR V
196  17  22at17  (no student)
197  18  22at18  (no student)
198  19  22at19  (no student)
199  20  22at20  (no student)
200  21  22at21  (no student)


Searching in dept ce
roll number format found out to be  :  22ce01

201  1  22ce01  ABILASH MATHEW EDWARD
202  2  22ce02  ALTHAF K K
203  3  22ce03  ANTO SELVIN P
204  4  22ce04  ARIVIND PARTHASARATHY S
205  5  22ce05  (no student)
206  6  22ce06  DEEPASRIVARSHINI S
207  7  22ce07  DHARANISH P
208  8  22ce08  FENCHINIYA N K
209  9  22ce09  GOKUL KRISHNA S
210  10  22ce10  HARIKRISHNAN PAVUNESAN
211  11  22ce11  JANARTHANAN R
212  12  22ce12  KOWSHIK K
213  13  22ce13  MOHAMED SHARUK A
214  14  22ce14  NAVEEN KUMAR R B
215  15  22ce15  SABARISH M
216  16  22ce16  SORAM RAHUL SINGH
217  17  22ce17  TAMIL MARAN K
218  18  22ce18  (no student)
219  19  22ce19  (no student)
220  20  22ce20  (no student)
221  21  22ce21  (no student)
222  22  22ce22  (no student)


Searching in dept cs
roll number format found out to be  :  22cs001

223  1  22cs001  ABHISHEK TIWARI
224  2  22cs002  ABINAYA G
225  3  22cs003  ABIRAMI R
226  4  22cs004  ABIRAMI S
227  5  22cs005  ADHITHYA S R
228  6  22cs006  ADITHYA G V
229  7  22cs007  AISHWARYA S
230  8  22cs008  AJAYVEL L S
231  9  22cs009  AKHILESH R
232  10  22cs010  AMISH JAIRUS G A
233  11  22cs011  ANGELINE SYLVIA D
234  12  22cs012  ANISH KUMAR A
235  13  22cs013  ANTO NIGVIN
236  14  22cs014  ANUSHRI S
237  15  22cs015  ARIKARAN S
238  16  22cs016  ARIVARASAN T
239  17  22cs017  AROMAL A
240  18  22cs018  ARRSATH SHERIFF J
241  19  22cs019  ASHMITHA SHREE R
242  20  22cs020  ASWINSUNDHAR A S
243  21  22cs021  ATITYA V S
244  22  22cs022  BALARAGHU P
245  23  22cs023  BARATH KUMAR B
246  24  22cs024  BHAVANA K
247  25  22cs025  BLESSING RAJA E
248  26  22cs026  BUDDALA SIDDHARTHA
249  27  22cs027  DANESHWAR N
250  28  22cs028  DARANASH R
251  29  22cs029  DEEPA B
252  30  22cs030  DEEPAK G
253  31  22cs031  DHANAVATHI K
254  32  22cs032  DHANUSH S
255  33  22cs033  DHANUSH S
256  34  22cs034  DHANUSHYA S
257  35  22cs035  DHANYASREE S
258  36  22cs036  DHARANI S
259  37  22cs037  DHARNEESH S
260  38  22cs038  DHARSHAN S
261  39  22cs039  DINESH KUMAR G
262  40  22cs040  EJAAZ OMER NAZEER HUSSAIN
263  41  22cs041  EVELYN RAMOLA A
264  42  22cs042  GANESH R
265  43  22cs043  GOPIKA I
266  44  22cs044  GOPINATHAN D
267  45  22cs045  GUNDE BHARGAVI
268  46  22cs046  HARISH KARTHIK D
269  47  22cs047  HARISH KUMAR K
270  48  22cs048  HEMAPRIYA R
271  49  22cs049  ISHWAR R
272  50  22cs050  ISHWARYA S
273  51  22cs051  JADEN DUTTA SYIEM
274  52  22cs052  JAI BHARATH K S
275  53  22cs053  JANANI V
276  54  22cs054  JEFFREY DANIEL RAJ J
277  55  22cs055  JEREM MATHEW
278  56  22cs056  JERLIN JOY SHEKINAH
279  57  22cs057  JERRISH EDSON P
280  58  22cs058  JESU SNOWIN S
281  59  22cs059  JITHERS B
282  60  22cs060  JOHN PAUL D
283  61  22cs061  KALVENA J
284  62  22cs062  KANISHKA B J
285  63  22cs063  KARAN K
286  64  22cs064  KARTHICK T
287  65  22cs065  KARUMURI NAGA RAMA NIKHIL
288  66  22cs066  KARUNYA V
289  67  22cs067  KISHORE KUMAR S
290  68  22cs068  LALITH PRAKASH T
291  69  22cs069  LEASKAR THAS M
292  70  22cs070  LINGESH G
293  71  22cs071  LOGESH G
294  72  22cs072  M THARUNRAJ
295  73  22cs073  MAHESH KUMAR
296  74  22cs074  MANESH Y
297  75  22cs075  MANIRAJ K
298  76  22cs076  MANIKANDAN G
299  77  22cs077  MANIKANDAN S
300  78  22cs078  MANISH V
301  79  22cs079  MOHAMED ASHIK M
302  80  22cs080  MOHAMED ASIF R
303  81  22cs081  MOHAMED FAZIL M
304  82  22cs082  MOHANA PRIYA M
305  83  22cs083  MONIKA R
306  84  22cs084  MYTHILI S
307  85  22cs085  NARMADHA M
308  86  22cs086  NIHAARIKA SARAVANA BHAVAN
309  87  22cs087  NITHISHWAR M
310  88  22cs088  NULIN JERIBA J
311  89  22cs089  PASALA SATHVIKA
312  90  22cs090  POOJASRI M.S
313  91  22cs091  PRADEEP R
314  92  22cs092  PRAJITH S
315  93  22cs093  PRANESH V
316  94  22cs094  PRAVEEN KUMAR V
317  95  22cs095  PREM KUMAR J
318  96  22cs096  PRIYADARSHINI B
319  97  22cs097  PRIYADHARSHAN D
320  98  22cs098  PRIYANKA B K
321  99  22cs099  RAGHUL PRASANNA B
322  100  22cs100  RAM SILPY R
323  101  22cs101  RICHARD REEGAN M
324  102  22cs102  RITHIK V
325  103  22cs103  ROHIT R
326  104  22cs104  ROSHINI S
327  105  22cs105  SAHANA S
328  106  22cs106  SAKTHIVEL S
329  107  22cs107  SAMEER KUMAR
330  108  22cs108  SANJAY S
331  109  22cs109  SANKHYA K
332  110  22cs110  SANTHOSH S
333  111  22cs111  SARAVANAPERUMAL B
334  112  22cs112  SATHISH KUMAR M
335  113  22cs113  SELVARAJAN T
336  114  22cs114  SETTIPI HARJITH PRANAV REDDY
337  115  22cs115  SHANMUGA SRI G
338  116  22cs116  SHAWAF KHAN A
339  117  22cs117  SHEKIN CHRISPO C S
340  118  22cs118  SHERIN PHILOMINA T A
341  119  22cs119  SHOBANA P
342  120  22cs120  SHRI SIVA SHANMUGAM S
343  121  22cs121  SHYAM PRAKASH G
344  122  22cs122  SIBIL ANTONY J
345  123  22cs123  SIVAKUMAR PANDIAN S S
346  124  22cs124  SIVARANJINI V
347  125  22cs125  SNEHA LATHA M B
348  126  22cs126  SNOWFAAH N
349  127  22cs127  SOBAN N D
350  128  22cs128  SOORYA C
351  129  22cs129  SOUNDRAPRIYAN A
352  130  22cs130  SREYAS THOMAS ABRAHAM
353  131  22cs131  SRI SAI ADITYA G
354  132  22cs132  SRIRAM B
355  133  22cs133  SUBASHINI N
356  134  22cs134  SUDALAIMUTHU S
357  135  22cs135  SUDHARSHAN S
358  136  22cs136  SUJIT RAHUL K
359  137  22cs137  SURIYA PRAKASH K
360  138  22cs138  SUSHMITHA S
361  139  22cs139  SUVETHA SHREE MANOJ GK
362  140  22cs140  SWETA YADAV
363  141  22cs141  TARUN E
364  142  22cs142  TARUN S
365  143  22cs143  THARUN B
366  144  22cs144  THARUNESH D
367  145  22cs145  THOMAS PHILIP MAMPALLIL
368  146  22cs146  UMA MAKESWARI N
369  147  22cs147  VARSHINI S
370  148  22cs148  VARSHINI S J
371  149  22cs149  VICTOR JEBARAJ S
372  150  22cs150  VIJAY V S
373  151  22cs151  VIJAYARAJ A
374  152  22cs152  VIKRAM S
375  153  22cs153  VISHWA R
376  154  22cs154  VITHOBAA S
377  155  22cs155  YUGENDHRAN V
378  156  22cs156  Mithin S
379  157  22cs157  SELVASAKTHI MADHAIYAN
380  158  22cs158  Bhoopathy S
381  159  22cs159  (no student)
382  160  22cs160  (no student)
383  161  22cs161  (no student)
384  162  22cs162  (no student)
385  163  22cs163  (no student)


Searching in dept ec
roll number format found out to be  :  22ec01

386  1  22ec01  AAKASH G
387  2  22ec02  ABISHEK R P
388  3  22ec03  ADHITHYAN K
389  4  22ec04  ADHITYA C
390  5  22ec05  AKSHAYA V
391  6  22ec06  ALAN MOSES V P
392  7  22ec07  ARUN V
393  8  22ec08  ASHLIN BIMI B
394  9  22ec09  ASHWIN M
395  10  22ec10  ATHI GANESH K
396  11  22ec11  ATLURI SUSHMA CHOWDARY
397  12  22ec12  BALAPRIYENGA B
398  13  22ec13  BARATH B
399  14  22ec14  BOOTHESH S
400  15  22ec15  BUVINIRANJAN S K
401  16  22ec16  CATHERINE CLEMENT
402  17  22ec17  CLARET DE CRUZ J
403  18  22ec18  DHANYA DHARSHINI K
404  19  22ec19  DHARANI B
405  20  22ec20  DHIVYA DHARSHN A K
406  21  22ec21  DINESH R
407  22  22ec22  DINESH S
408  23  22ec23  ESWAR ROSHAN
409  24  22ec24  GODWIN J
410  25  22ec25  GOWTHAM N
411  26  22ec26  HAGGITH JOSHUA
412  27  22ec27  HARIHARAN S
413  28  22ec28  HARIPRASSAT K
414  29  22ec29  HARISH ADITYA G K
415  30  22ec30  HARISH RAGAVENDER K
416  31  22ec31  IRUDHAYA  XAVIER  NINO
417  32  22ec32  JENIFA S
418  33  22ec33  JOSHVA EBINEZAR D S
419  34  22ec34  KAMAKSHI T
420  35  22ec35  KARTHIKA M
421  36  22ec36  KARTHIKEYAN S
422  37  22ec37  KAVIN BALAJI K
423  38  22ec38  KAVIYA K
424  39  22ec39  LITHASH J
425  40  22ec40  LOKESH KUMAR B
426  41  22ec41  MARY JOSHINY J
427  42  22ec42  MATHEW SHAUN ROSARIO
428  43  22ec43  MEGANADHAN S
429  44  22ec44  MIRUTHYUNJAN K
430  45  22ec45  MOHAMED IRFAN F
431  46  22ec46  MOHAMED MUBEEN H
432  47  22ec47  MOHAMED NOWFAL A
433  48  22ec48  MOHAMED SHUHAIL
434  49  22ec49  MUDHASSIR HABEEB K M
435  50  22ec50  MUHAMMAD ZAYD J
436  51  22ec51  MUKIL ARASU S
437  52  22ec52  MUKILAN B
438  53  22ec53  MURUGAN T
439  54  22ec54  MYTHILI J
440  55  22ec55  NISHA S
441  56  22ec56  NIVEDITHA S
442  57  22ec57  PANDLA GUNDLA BALAKRISHNA
443  58  22ec58  PAVITHRA M
444  59  22ec59  POORNASIVAN Y S
445  60  22ec60  PRATHAP L
446  61  22ec61  RAGHAV KUMAR T
447  62  22ec62  RAJESH KUMAR R
448  63  22ec63  RAMANI B
449  64  22ec64  RANJAN KUMAR K
450  65  22ec65  REVATHY M
451  66  22ec66  SADHANA J C
452  67  22ec67  SAFREEN FAWZIA M
453  68  22ec68  SAHANA C
454  69  22ec69  SANJAY K
455  70  22ec70  SANTHOSH M
456  71  22ec71  SANTHOSH S
457  72  22ec72  SHARATH R
458  73  22ec73  SIVARANJINI E
459  74  22ec74  SOUNDARYA V
460  75  22ec75  SREEDEV R
461  76  22ec76  SRI SANJAY S
462  77  22ec77  SURYA E
463  78  22ec78  SUVEETHA G
464  79  22ec79  TARUN P
465  80  22ec80  TOWFIQ UMAR M
466  81  22ec81  UDHAYA S
467  82  22ec82  VANGARA LALITH KRISHNA
468  83  22ec83  VENKAT RAMANAN B
469  84  22ec84  VENKATESH K
470  85  22ec85  VIDHUSHAN M
471  86  22ec86  VIMAL RAJ T
472  87  22ec87  VISHAL V
473  88  22ec88  VIVEK O R
474  89  22ec89  YOKESHWAREN M
475  90  22ec90  YUVAN KUMAR T S
476  91  22ec91  Saijith P Kumar
477  92  22ec92  Premasai E
478  93  22ec93  TAMANNA S
479  94  22ec94  (no student)
480  95  22ec95  (no student)
481  96  22ec96  (no student)
482  97  22ec97  (no student)
483  98  22ec98  (no student)


Searching in dept ee
roll number format found out to be  :  22ee01

484  1  22ee01  ABHIRANJAN KUMAR
485  2  22ee02  ADITH RAM M
486  3  22ee03  AHAMMED MUHZIN S
487  4  22ee04  AKILAN S
488  5  22ee05  ALWINRAJ B
489  6  22ee06  AMARNATH N
490  7  22ee07  ANAMIKA MOHANAN
491  8  22ee08  BASIL SKARIA
492  9  22ee09  DEVARINTI RAJKUMAR
493  10  22ee10  DILIP KUMAR G
494  11  22ee11  GOPARAM CHENNAKESAVA REDDY
495  12  22ee12  INBARASAN L
496  13  22ee13  JEBADURAI CM
497  14  22ee14  JERUSHA EVANGELIN N
498  15  22ee15  KANISHQ HARSHINI P
499  16  22ee16  KIRUTHIK VARMAN R
500  17  22ee17  KOGANTI PRANEEL KARTHIKEYA
501  18  22ee18  KUGANESH R
502  19  22ee19  MATTI ISRAEL
503  20  22ee20  RAGHUNANTHAN P
504  21  22ee21  SAMUEL N
505  22  22ee22  SARAVANA KUMAR D
506  23  22ee23  SUBAASH KARTHIK M
507  24  22ee24  SUBALEKA D
508  25  22ee25  (no student)
509  26  22ee26  YOKESH KUMAR M
510  27  22ee27  BALLARI MAHAMMAD KHAIF
511  28  22ee28  (no student)
512  29  22ee29  (no student)
513  30  22ee30  (no student)
514  31  22ee31  (no student)
515  32  22ee32  (no student)


Searching in dept ei


516  1  22ei01  (no student)
517  2  22ei02  (no student)
518  3  22ei03  (no student)
519  4  22ei04  (no student)
520  5  22ei05  (no student)


Searching in dept ft
roll number format found out to be  :  22ft01

521  1  22ft01  AISHWARYA  J
522  2  22ft02  ASHWINI M E
523  3  22ft03  ATHAVAN N
524  4  22ft04  DHATSHINI S
525  5  22ft05  GIRIJA Y
526  6  22ft06  LOCHANA K
527  7  22ft07  NIVETHA A
528  8  22ft08  RAJESWARI R
529  9  22ft09  RITHISHA R
530  10  22ft10  Gowshika C
531  11  22ft11  Nithiya Sri A
532  12  22ft12  (no student)
533  13  22ft13  (no student)
534  14  22ft14  (no student)
535  15  22ft15  (no student)
536  16  22ft16  (no student)


Searching in dept it
roll number format found out to be  :  22it01

537  1  22it01  ABARNA I K
538  2  22it02  ABINAYA J
539  3  22it03  ABINESH M L
540  4  22it04  AHAMED ANAS H
541  5  22it05  ASFAR MOHAMED
542  6  22it06  CHRIS AARON
543  7  22it07  CHRIS LIVINGSTONE
544  8  22it08  DEVI V
545  9  22it09  DHARSHINI B
546  10  22it10  DINESH KUMAR R K
547  11  22it11  ESWARAN S
548  12  22it12  GOKUL K
549  13  22it13  GOPIKRISHNAN A
550  14  22it14  GOWTHAM  B
551  15  22it15  ISHRATH AYESHA A
552  16  22it16  JAI AKASH A
553  17  22it17  JENNIFER EMIMAL S
554  18  22it18  JERY KRISTEN R
555  19  22it19  JOHN SAMUEL A
556  20  22it20  KAILASAM N
557  21  22it21  KARTHICK M
558  22  22it22  KARTHIKEYAN R
559  23  22it23  KEERTHIKA N
560  24  22it24  KISHORE K
561  25  22it25  LAKSHMINARAYANAN R
562  26  22it26  LOGAPRIYA K
563  27  22it27  LOKITH  T
564  28  22it28  MAHALAKSHMI G
565  29  22it29  MANOJ V
566  30  22it30  MOHAMED ESSA S
567  31  22it31  MONISHKANNA K
568  32  22it32  NAVEEN KUMAR E
569  33  22it33  NITHISH R
570  34  22it34  PAVITHARA DARSHINI L
571  35  22it35  POORNIMA S
572  36  22it36  POORVIKA S
573  37  22it37  PRADEEP ARUL
574  38  22it38  PRAJEET KUMAR A
575  39  22it39  PRAVEEN KUMAR J
576  40  22it40  RAGHAVAN K
577  41  22it41  ROOBAN S
578  42  22it42  SAHIN V
579  43  22it43  SANGEETHA S
580  44  22it44  (no student)
581  45  22it45  SHALINI S
582  46  22it46  SHANMUGAPRIYAN A K V
583  47  22it47  SIDDHARTHAN R
584  48  22it48  SIVAPERUMAL M
585  49  22it49  SOWMIYA C
586  50  22it50  SRIMATHI M
587  51  22it51  SRIRAM V
588  52  22it52  SRUTHI S
589  53  22it53  SUBIKSHA S
590  54  22it54  SUJITH M
591  55  22it55  SWATHI S
592  56  22it56  Swetha B
593  57  22it57  SYED MOHAMED FAIZAL B
594  58  22it58  TAMIZHSELVI  M
595  59  22it59  THIRUNELAI OVEYA S
596  60  22it60  UMA G
597  61  22it61  VEERAMANI S
598  62  22it62  YUVAN SHANKAR B
599  63  22it63  Sandeep K
600  64  22it64  Mohamed Afiya A K
601  65  22it65  (no student)
602  66  22it66  (no student)
603  67  22it67  (no student)
604  68  22it68  (no student)
605  69  22it69  (no student)


Searching in dept mc
roll number format found out to be  :  22mc01

606  1  22mc01  ASWIN B MEDAYIL
607  2  22mc02  BALAJI V M
608  3  22mc03  DEEPAK S
609  4  22mc04  FRANKLIN JOEL M
610  5  22mc05  GRAHESH G
611  6  22mc06  GURU VIKRAMAN M D
612  7  22mc07  HARISH K
613  8  22mc08  HARISH M
614  9  22mc09  JAGADEESWARAN S
615  10  22mc10  JASWANTH B
616  11  22mc11  KAUSHIK KAILASH P S
617  12  22mc12  KEERTHIK J
618  13  22mc13  LOKESHWARAN V
619  14  22mc14  NEHA PRAMOD
620  15  22mc15  NELSON M
621  16  22mc16  NISHANTH M
622  17  22mc17  PONNARASAN S A
623  18  22mc18  RAJESH K
624  19  22mc19  RAMA VIDHUN RAGAV
625  20  22mc20  SAM DERIL R
626  21  22mc21  SHAZIA BEGUM Z
627  22  22mc22  SHUBHAM KUMAR
628  23  22mc23  SOBIN JOSEPH
629  24  22mc24  SRINIVASAN K
630  25  22mc25  SUNDARAM S
631  26  22mc26  Vasantha Kumar S
632  27  22mc27  (no student)
633  28  22mc28  (no student)
634  29  22mc29  (no student)
635  30  22mc30  (no student)
636  31  22mc31  (no student)


Searching in dept me
roll number format found out to be  :  22me01

637  1  22me01  ABDUL GHAFFAR SHAKIR
638  2  22me02  AKASH RAJ A V
639  3  22me03  ANTONY JENIKSON J
640  4  22me04  BALASUBRAMANIAN K
641  5  22me05  CHINMAY MANDAL
642  6  22me06  DHANUSH S
643  7  22me07  ESWAR E
644  8  22me08  GEETHA PRIYA A
645  9  22me09  HARINI E
646  10  22me10  HEMANNATHAN SHENOY S
647  11  22me11  KAMESH P
648  12  22me12  KAVYALAKSHMI P S
649  13  22me13  LIYAN AKASH J
650  14  22me14  MANOJ KUMAR J
651  15  22me15  MARUVAPALLI GANESH
652  16  22me16  NAVEENKUMAR R
653  17  22me17  RAJAT SINGH
654  18  22me18  ROGAN L
655  19  22me19  SHAAZIN JAMSHEED
656  20  22me20  SRISANJAY B
657  21  22me21  VENKATRAMAN KESAVAN
658  22  22me22  VYSHNAV SAI RAJU
659  23  22me23  (no student)
660  24  22me24  (no student)
661  25  22me25  (no student)
662  26  22me26  (no student)
663  27  22me27  (no student)
