Search LOG for  16 MADAN ['ce']
Requested by DarkGlance#6849


Corrected departments  :  ['ce']

Keyword  :  MADAN


Searching in dept ce
roll number format found out to be  :  16ce001

1  1  16ce001  AARTHY M
2  2  16ce002  ABDUL HAMEED A
3  3  16ce003  ABURVAWILBERT A
4  4  16ce004  AGNES GRACY F
5  5  16ce005  AISVARYAM M
6  6  16ce006  AJITH KUMAR C
7  7  16ce007  ARAVINDHAN R
8  8  16ce008  ARMISHAL KHASAIN
9  9  16ce009  ARUN KUMAR T
10  10  16ce010  AZITH M M
11  11  16ce011  (no student)
12  12  16ce012  BHARATHI KUMAR P
13  13  16ce013  BRAGADEESHWARAN J
14  14  16ce014  BRELLIN JOSE RAJ J J
15  15  16ce015  BRIGHTSON V
16  16  16ce016  CHIDAMBARAM A L
17  17  16ce017  DANIEL PRAVEEN E
18  18  16ce018  DEEPAK E
19  19  16ce019  DEEPAK K
20  20  16ce020  DEVENDRAN J
21  21  16ce021  DINESH MAHA DEVAN G
22  22  16ce022  ESWARAN S
23  23  16ce023  GABRIEL HANDELL SOHKHLET
24  24  16ce024  GNANAOLI P
25  25  16ce025  GOKUL S
26  26  16ce026  GOKUL U
27  27  16ce027  GOPINATH S
28  28  16ce028  (no student)
29  29  16ce029  HARIMOORTHY L
30  30  16ce030  HARI SANKAR T
31  31  16ce031  JAGAN S
32  32  16ce032  JAYASHREE S
33  33  16ce033  JEENA R
34  34  16ce034  JULIEN SOUNDER P
35  35  16ce035  KABILAN S
36  36  16ce036  KAMESHWARAN T
37  37  16ce037  KARTHIK RAJA R
38  38  16ce038  KINGSTON W K
39  39  16ce039  MANI BHARATHI R
40  40  16ce040  MOHAMED SAIFFUDEEN M
41  41  16ce041  MOHAMMED MOULANA I
42  42  16ce042  MONALISHA M K
43  43  16ce043  MUTHULINGAM P
44  44  16ce044  NIRMALRAJ R E
45  45  16ce045  PALANI BHARATHI M
46  46  16ce046  PRADEEP KUMAR B
47  47  16ce047  PRAVEEN J
48  48  16ce048  RAJ PRAVEEN A
49  49  16ce049  SAJAN ANTONY S J
50  50  16ce050  SARAVANAN M
51  51  16ce051  SARAVANAN T
52  52  16ce052  SATHISHKUMAR P
53  53  16ce053  SEENUVASAN K
54  54  16ce054  SETHUPATHY B
55  55  16ce055  SHARMA R
56  56  16ce056  SHEIK SHAMEEL AHAMED A
57  57  16ce057  SIMEON BARNABA R
58  58  16ce058  SIVA DHANUSH M S
59  59  16ce059  SUBROTO MANDAL
60  60  16ce060  SUDARSAN S
61  61  16ce061  TARUN RAJ R
62  62  16ce062  THARUN APPASAMY S
63  63  16ce063  VENKATESH D
64  64  16ce064  VENKATESHAN S
65  65  16ce065  VIGNESH L
66  66  16ce066  VIGNESHWARAN R
67  67  16ce067  VIJAYALAKSHMI B
68  68  16ce068  GOPALA  KRISHNAN V
69  69  16ce069  CHARLES J
70  70  16ce070  SUPRAKASH DEBNATH
71  71  16ce071  ETHIRAJ A
72  72  16ce072  (no student)
73  73  16ce073  (no student)
74  74  16ce074  (no student)
75  75  16ce075  (no student)
76  76  16ce076  (no student)
