Search LOG for  18 MADAN ['ce']
Requested by DarkGlance#6849


Corrected departments  :  ['ce']

Keyword  :  MADAN


Searching in dept ce
roll number format found out to be  :  18ce01

1  1  18ce01  FUAD RASMI S
2  2  18ce02  HARIPRASAD K
3  3  18ce03  KALAISELVAN  S
4  4  18ce04  KARTHIK S
5  5  18ce05  KEERTHICK BALAJI S
6  6  18ce06  MAIBAM AMARJIT MEITEI
7  7  18ce07  SHANE ABRAHAM
8  8  18ce08  SRIGANESAN S
9  9  18ce09  SUBASH V
10  10  18ce10  SUHAIBU HUSSAIN A R
11  11  18ce11  SURYA G S
12  12  18ce12  BHUVANESHWARI K
13  13  18ce13  GOUTHAM RAJ S
14  14  18ce14  BHARATH M
15  15  18ce15  A VIJAYAKUMAR
16  16  18ce16  DEVARAJ A
17  17  18ce17  SURESH J
18  18  18ce18  MELKIES RAJA S
19  19  18ce19  SHIVA M
20  20  18ce20  (no student)
21  21  18ce21  (no student)
22  22  18ce22  (no student)
23  23  18ce23  (no student)
24  24  18ce24  (no student)
