Search LOG for  12 MADAN ['ce']
Requested by DarkGlance#6849


Corrected departments  :  ['ce']

Keyword  :  MADAN


Searching in dept ce
roll number format found out to be  :  12ce001

1  1  12ce001  AAKASH G
2  2  12ce002  AHMED ALI FAWAZ K
3  3  12ce003  ANANDAN PREM KUMAR
4  4  12ce004  ANU S
5  5  12ce005  APSARA K
6  6  12ce006  ARAVINDRAJ C M
7  7  12ce007  ASWIN SARAVANAN R
8  8  12ce008  ATHIRA SATHYAN
9  9  12ce009  BALASUBRAMANIAM G
10  10  12ce010  BARATH RAJ S
11  11  12ce011  BHANUPRIYA V
12  12  12ce012  BOORVIN ANTONY D
13  13  12ce013  CHETAN M
14  14  12ce014  DILIPAN H
15  15  12ce015  DINESH S
16  16  12ce016  FELIX A
17  17  12ce017  HANNAH SAJI VARGHESE
18  18  12ce018  IYYAPPAN D
19  19  12ce019  JAIPRAKASH N
20  20  12ce020  JAMEN RAJA M C K
21  21  12ce021  JANCY P JAMES
22  22  12ce022  JAYARAM R K
23  23  12ce023  JEFFERSON SAMUEL
24  24  12ce024  KAMARAJ R
25  25  12ce025  KEERTHANA K P
26  26  12ce026  LOGA AMRITHA M
27  27  12ce027  MAHESWARAMOORTHI M
28  28  12ce028  MANIKANDAN M
29  29  12ce029  MELVIN GEORGE S
30  30  12ce030  MOHAN PRASAD L
31  31  12ce031  MOHANRAMM V
32  32  12ce032  MUKESH C
33  33  12ce033  NAGABOOSHAN S
34  34  12ce034  NANDHINI.S
35  35  12ce035  PAVITHRAN P
36  36  12ce036  PRAVEEN RAJ P
37  37  12ce037  PRIYADHARSHNI R
38  38  12ce038  RAJA PANDEYAN T
39  39  12ce039  RAJASRI S
40  40  12ce040  RAJA SRINIVASAN G
41  41  12ce041  REYSHMA R
42  42  12ce042  RITHU KRISHNA P R
43  43  12ce043  SATHISH KUMAR G
44  44  12ce044  SHARON MARY SHAJAN
45  45  12ce045  SHYAM SUNDAR R
46  46  12ce046  SIVASUBRAMANI P
47  47  12ce047  PORSELVAN S
48  48  12ce048  STALIN K
49  49  12ce049  SUNDAR G
50  50  12ce050  SUPRAJA S
51  51  12ce051  SURESH KRISHNA
52  52  12ce052  SYED AHAMED REFAI H
53  53  12ce053  THIYANESWARAN D
54  54  12ce054  VIGNESH VIKRAM
55  55  12ce055  D.VIGNESH
56  56  12ce056  VIGNESH KUMAR R
57  57  12ce057  VINEET V
58  58  12ce058  VISHVESWARAN P
59  59  12ce059  VIVEKKUMAR G
60  60  12ce060  YOGESH KUMAR G
61  61  12ce061  YUVAPRIYA M
62  62  12ce062  VIJAYARAJ V
63  63  12ce063  MARIAN INFANT BATRICK T
64  64  12ce064  AKSHAYA N.B
65  65  12ce065  HARI BABU.J
66  66  12ce066  RAHUL B
67  67  12ce067  RAM KUMAR K
68  68  12ce068  PRABHAKARAN Y
69  69  12ce069  THOMAS BENZ T
70  70  12ce070  ASHOK M
71  71  12ce071  SYED HUSSAIN H
72  72  12ce072  JUM KADU I
73  73  12ce073  BOMGE RIBA
74  74  12ce074  CHERA JACOB
75  75  12ce075  (no student)
76  76  12ce076  (no student)
77  77  12ce077  (no student)
78  78  12ce078  (no student)
79  79  12ce079  (no student)
