Search LOG for  20 MADAN ['ce']
Requested by DarkGlance#6849


Corrected departments  :  ['ce']

Keyword  :  MADAN


Searching in dept ce
roll number format found out to be  :  20ce01

1  1  20ce01  JAN IMMANUEL CHRYSOPRASUS J
2  2  20ce02  MRUTHULHA N
3  3  20ce03  NIRANJAN
4  4  20ce04  PRINCE RAGUL V
5  5  20ce05  SHEILESH SINGH LANGPOKLAKPAM
6  6  20ce06  THAMIZH SELVAN M
7  7  20ce07  SYED MAJID AHMED
8  8  20ce08  HARESH KUMAR S
9  9  20ce09  METHAKHONU KHATSO
10  10  20ce10  NEIZOVONUO TETSO
11  11  20ce11  AAKASH A
12  12  20ce12  NAVAMI G S
13  13  20ce13  (no student)
14  14  20ce14  (no student)
15  15  20ce15  (no student)
16  16  20ce16  (no student)
17  17  20ce17  (no student)
