Search LOG for  15 MADAN ['ce']
Requested by DarkGlance#6849


Corrected departments  :  ['ce']

Keyword  :  MADAN


Searching in dept ce
roll number format found out to be  :  15ce001

1  1  15ce001  ABDUL RAHMAN U
2  2  15ce002  ABHISHEK E
3  3  15ce003  ABINAYA M
4  4  15ce004  ABISHEK JOSHUA B
5  5  15ce005  ABISHEK RAJAN R
6  6  15ce006  ABY THOMAS OOMMEN
7  7  15ce007  AISHWARYA R
8  8  15ce008  ALLEN SHAJAN JOHN
9  9  15ce009  ARIVARASAN E
10  10  15ce010  ARSHATH BUHARI R
11  11  15ce011  ARUN PANDIYAN D
12  12  15ce012  ASHOK KUMAR S
13  13  15ce013  ASHOK SELVA S
14  14  15ce014  ASWIN S
15  15  15ce015  ATUL KUMAR
16  16  15ce016  BABU LINGA RAJA T
17  17  15ce017  BABU V
18  18  15ce018  BALAJI S
19  19  15ce019  BARATH KUMAR S
20  20  15ce020  BHARATH P
21  21  15ce021  BHUVANESH E
22  22  15ce022  CHINNU K
23  23  15ce023  DHANAVIJAY N
24  24  15ce024  (no student)
25  25  15ce025  DINESH S
26  26  15ce026  EENASH L R
27  27  15ce027  EMIMAL J
28  28  15ce028  GAYATHRI DHEVI B
29  29  15ce029  GHOWTHAM S
30  30  15ce030  GOKUL NAATH B K
31  31  15ce031  GOKULA KRISHNAN M
32  32  15ce032  GOPUKRISNAA R
33  33  15ce033  HARI HARAN A
34  34  15ce034  HARIHARAN V
35  35  15ce035  HARINARAYANAN P
36  36  15ce036  HARISH M
37  37  15ce037  HARISH S
38  38  15ce038  HEMANATHAN G D C
39  39  15ce039  HEMNATH S
40  40  15ce040  JAAVINSAKTHI R
41  41  15ce041  JASWANTH R
42  42  15ce042  JAWAHAR BABU S
43  43  15ce043  JAYASURYA G
44  44  15ce044  JOHN WESLEY D
45  45  15ce045  KABIL S
46  46  15ce046  KAMALESH V
47  47  15ce047  KIRANRAJ R
48  48  15ce048  KISHORE R
49  49  15ce049  KOUSHIK K
50  50  15ce050  MAHESH KUMAR M
51  51  15ce051  MANIGANDAN S
52  52  15ce052  MANIKANDAN G
53  53  15ce053  MANIKANDAN V
54  54  15ce054  MOHAMMED IBRAHIM
55  55  15ce055  MOHAMED ABDUL BASHID A S
56  56  15ce056  MOHAMMED HALID A
57  57  15ce057  MOHAMED YASAR ARAFATH
58  58  15ce058  MOHAMED YUSUF SHERIFF
59  59  15ce059  MOORTHY G P
60  60  15ce060  MUKILAN M
61  61  15ce061  NANDHINI P
62  62  15ce062  NARESH M
63  63  15ce063  NAVIN S
64  64  15ce064  NAVIN GEORGE MOHAN
65  65  15ce065  NAVEEN KUMAR T
66  66  15ce066  OM KAREESWAR K V
67  67  15ce067  PAKIRTHAN P
68  68  15ce068  PAVITHRA D
69  69  15ce069  PAVITHRA R
70  70  15ce070  PRAKASH.K
71  71  15ce071  PRASHANTH N
72  72  15ce072  RAMANKISHORE K
73  73  15ce073  RAMRAJ T
74  74  15ce074  RAVI CHANDAR T U
75  75  15ce075  RIZWAN A
76  76  15ce076  SAJITH D
77  77  15ce077  SANJAI KANNAN B
78  78  15ce078  SANJITH D
79  79  15ce079  SASI KUMAR P
80  80  15ce080  (no student)
81  81  15ce081  SENTH THAMIZH ARASI S
82  82  15ce082  SHAMIN ANWAR M
83  83  15ce083  SHAMIR AHAMED KHAN S
84  84  15ce084  SHARATH M
85  85  15ce085  SHOBAN J
86  86  15ce086  SHOUMYA V
87  87  15ce087  SIVANESAN M
88  88  15ce088  SOCKESHWARAN S
89  89  15ce089  SRIRAM M
90  90  15ce090  SRISENTHILDEVI G
91  91  15ce091  SUBASH R
92  92  15ce092  SUBHA SHREE R
93  93  15ce093  SUDHARSAN MOORTHY R
94  94  15ce094  (no student)
95  95  15ce095  SURJITH RAJ V
96  96  15ce096  TAMILARASAN R
97  97  15ce097  THAMOTHARAN J
98  98  15ce098  VENKATESH PANDI V
99  99  15ce099  VIGNESH KUMAR R
100  100  15ce100  VIGNESH RAJ U
101  101  15ce101  VIGNESH S K
102  102  15ce102  VIJAY C
103  103  15ce103  VIJAY KALIDASAN S
104  104  15ce104  VIJAY KUMAR S
105  105  15ce105  VIVEK T
106  106  15ce106  ABEL MARTIN JEBARAJ K
107  107  15ce107  SENTHAMILAN K
108  108  15ce108  NANDHA PRAKASH K
109  109  15ce109  MANOJ KUMAR P
110  110  15ce110  PRANADIP DHAN
111  111  15ce111  VIGNESH SENTHAMARAI KANNAN
112  112  15ce112  (no student)
113  113  15ce113  (no student)
114  114  15ce114  (no student)
115  115  15ce115  (no student)
116  116  15ce116  (no student)
