Search LOG for  14 MADAN ['ce']
Requested by DarkGlance#6849


Corrected departments  :  ['ce']

Keyword  :  MADAN


Searching in dept ce
roll number format found out to be  :  14ce001

1  1  14ce001  ABUBAKKAR SIDDIQ M
2  2  14ce002  ABY ANTONY
3  3  14ce003  AJAY R
4  4  14ce004  AKSHAYA CHANDRASEKARAN
5  5  14ce005  AKSHAYA M
6  6  14ce006  ANDIYAPPAN S
7  7  14ce007  (no student)
8  8  14ce008  ANUSHA S
9  9  14ce009  ARAVINDHAN R
10  10  14ce010  ARIVUDAINAMBI  A
11  11  14ce011  ARTHI S
12  12  14ce012  ARUNACHALA VIGNO K
13  13  14ce013  ASWIN S
14  14  14ce014  CHAKKARAVARTHI M
15  15  14ce015  CHRISTY R
16  16  14ce016  DEEBAN D J
17  17  14ce017  DHANA KRISHNAN B
18  18  14ce018  DHANA SUNDARAM R
19  19  14ce019  DHINESH KUMAR R
20  20  14ce020  DHIWAKAR S
21  21  14ce021  DILIP KUMAR T
22  22  14ce022  DINESHRAM V N
23  23  14ce023  FARHEEN KADAR
24  24  14ce024  GOPAL V
25  25  14ce025  GOWTHAM RAJ S
26  26  14ce026  GUPESHRAJA K
27  27  14ce027  HANNAH NELSON
28  28  14ce028  HARESH R
29  29  14ce029  HARIBASKARAN S
30  30  14ce030  HEMALATHA S
31  31  14ce031  IDHAYACHANDAR K
32  32  14ce032  INDHUMATHI R.V.K
33  33  14ce033  JAIKISHEN .N
34  34  14ce034  JOTHI J P
35  35  14ce035  JULIET CHRISTINA MONICA
36  36  14ce036  KARIKALAN K
37  37  14ce037  KEERTHANA  S
38  38  14ce038  KRISHNA M
39  39  14ce039  MAHENDRAN M
40  40  14ce040  MAHESH KUMAR A
41  41  14ce041  MAHESWARI K
42  42  14ce042  MAKKAPATI SATYARDHA
43  43  14ce043  MARIA SERA JACOB
44  44  14ce044  MATHAN E
45  45  14ce045  MITHRAN R
46  46  14ce046  MOHAMED SADIQ Y
47  47  14ce047  MOHANRAJ R
48  48  14ce048  MUKESH N
49  49  14ce049  NANDHABABU K S
50  50  14ce050  NARAYANAN A
51  51  14ce051  NAVEEN KUMAR N
52  52  14ce052  NESHANTH A S
53  53  14ce053  NIVEDHA  A
54  54  14ce054  NOORUL NAWASKHAN H
55  55  14ce055  PON SARAVANAN  A
56  56  14ce056  PORSELVAN S
57  57  14ce057  PRADEEP A
58  58  14ce058  PUGAZHENTHI V
59  59  14ce059  RAAM BALAJI V
60  60  14ce060  RAGHUL G
61  61  14ce061  RAHUL S
62  62  14ce062  RAMESH K
63  63  14ce063  RANJITH PRASANNAA S R
64  64  14ce064  ATHISHKESAVAN S V
65  65  14ce065  SAKSHI PRIYA DHARSHINI N S
66  66  14ce066  SAKUNTHALA DEVI S
67  67  14ce067  SAMUNDEESWARI C
68  68  14ce068  SARAVANA KUMAR S
69  69  14ce069  SARAVANAN S
70  70  14ce070  SATHARKHAN R
71  71  14ce071  SATHISH A K
72  72  14ce072  SATHISH KUMAR R
73  73  14ce073  SATHYANARAYANAN G
74  74  14ce074  SIRANJEEVI D
75  75  14ce075  SIVAKUMAR KARTHEEPAN
76  76  14ce076  SREE SHIVANI N
77  77  14ce077  SUGANYA S
78  78  14ce078  TAMILSELVAN S M
79  79  14ce079  THIRUMALAI SELVAM D
80  80  14ce080  UPASANA MONNIE BAPTIST
81  81  14ce081  VARUN G
82  82  14ce082  VENKATESH B
83  83  14ce083  VIDHYA R
84  84  14ce084  VIGNESH C
85  85  14ce085  VIGNESH E
86  86  14ce086  VIGNESH K
87  87  14ce087  VIGNESH R
88  88  14ce088  VIGNESH S
89  89  14ce089  VIGNESH S
90  90  14ce090  VIJAYARAGAVAN S
91  91  14ce091  VIJAYARAGHAVAN M
92  92  14ce092  VINITHA G
93  93  14ce093  VINOD KRISHNA C
94  94  14ce094  YAKASH J
95  95  14ce095  ARPITH PAUL D
96  96  14ce096  MARELLA MALLIKARJUNA REDDY
97  97  14ce097  KARTHIK C
98  98  14ce098  HEMA SUSAN L
99  99  14ce099  MAITPHANG SNAITANG
100  100  14ce100  SATHISH R
101  101  14ce101  MARIA VINNARASI G
102  102  14ce102  SUMITHRA S
103  103  14ce103  NANDHINI S
104  104  14ce104  ASHOKKUMAR V
105  105  14ce105  NARESH P
106  106  14ce106  MOHAMED OUVAIS N
107  107  14ce107  SARAVANAN R
108  108  14ce108  JOSHUA EBENEZER P
109  109  14ce109  SULOCHANA  R
110  110  14ce110  VIVEK V
111  111  14ce111  GULIYARD THOUNAOJAM
112  112  14ce112  SASI KUMAR M
113  113  14ce113  (no student)
114  114  14ce114  (no student)
115  115  14ce115  (no student)
116  116  14ce116  (no student)
117  117  14ce117  (no student)
