Search LOG for  13 MADAN ['ce']
Requested by DarkGlance#6849


Corrected departments  :  ['ce']

Keyword  :  MADAN


Searching in dept ce
roll number format found out to be  :  13ce001

1  1  13ce001  AASAI THAMBI M
2  2  13ce002  ABBAS MANTHIRI U
3  3  13ce003  ABHILASHDOSS S
4  4  13ce004  ADHAVAN E
5  5  13ce005  (no student)
6  6  13ce006  AKSHAY RAMESH  PATIL
7  7  13ce007  ALLWIN I M
8  8  13ce008  ANGELIN SANGEETHA S
9  9  13ce009  ANGELINE MARIA A
10  10  13ce010  ANJU ANI
11  11  13ce011  ANTO ABINESH G
12  12  13ce012  ANUSHIYA R
13  13  13ce013  ARAVIND J V
14  14  13ce014  ARAVIND KUMAR S
15  15  13ce015  ARTHI I
16  16  13ce016  ARTHI R
17  17  13ce017  ARUNJUNAI PAVITHRA K
18  18  13ce018  ARVIND K
19  19  13ce019  ASHWIN BHARATH T
20  20  13ce020  BALACHANDAR S
21  21  13ce021  BALAMURUGAN B
22  22  13ce022  BALAMURUGAN B
23  23  13ce023  BHARANIDHARAN R
24  24  13ce024  BHARATH R
25  25  13ce025  BHARATH KUMAR S
26  26  13ce026  BRINDHA S
27  27  13ce027  DEEPAK
28  28  13ce028  DEEPAK ANAND R
29  29  13ce029  DHINESHKUMAR M
30  30  13ce030  DIVYA R
31  31  13ce031  EDWARD PRINCE H
32  32  13ce032  EVARAJA M
33  33  13ce033  EZAZ IBRAHIM S
34  34  13ce034  GANAPATHY M
35  35  13ce035  GOKUL A
36  36  13ce036  GOKUL KRISHNA K
37  37  13ce037  JAMES KEVIN CHRISTY T
38  38  13ce038  JAYASURYA L
39  39  13ce039  JEEVITHA R
40  40  13ce040  JENIFER MARY J
41  41  13ce041  JOEL BENEDICT RATHANA KUMAR B
42  42  13ce042  JOHN RICHARDSON V
43  43  13ce043  KANISHGA PREETHEVI S
44  44  13ce044  KARTHIK S
45  45  13ce045  KARTHIKEYAN J
46  46  13ce046  KASIM KAMIL M I
47  47  13ce047  KAVIYARASAN N
48  48  13ce048  MAHESH R
49  49  13ce049  MALARVIZHI R
50  50  13ce050  MANIKANDAN K
51  51  13ce051  MANJUSHA K
52  52  13ce052  MANOJ KUMAR D
53  53  13ce053  MANOJINI R
54  54  13ce054  MOHAMED FAYAZ A
55  55  13ce055  MOHAMED SHARIQ
56  56  13ce056  MOHAMED THAMEES PP
57  57  13ce057  MOHAMMED ASIF J
58  58  13ce058  MUVENDHAN A
59  59  13ce059  NANDITA K
60  60  13ce060  NARENDRAN M
61  61  13ce061  NAVEEN D A
62  62  13ce062  NAVIN KUMAR K
63  63  13ce063  NAVINA R
64  64  13ce064  (no student)
65  65  13ce065  NEERAJHAA M
66  66  13ce066  NIDHISHA R R
67  67  13ce067  PALPANDI A
68  68  13ce068  PARI T
69  69  13ce069  PON RAGUL V
70  70  13ce070  POOJESH A
71  71  13ce071  PRAVEEN R
72  72  13ce072  PRAVIN J
73  73  13ce073  PRAVIN SURYA S
74  74  13ce074  RAHUL BHARDWAJ A
75  75  13ce075  RAM PRASANTH K
76  76  13ce076  RAMKUMAR S
77  77  13ce077  RAMKUMAR V
78  78  13ce078  RUFUS IMMANUEL M
79  79  13ce079  RUSHENDAR P
80  80  13ce080  SABARISH S
81  81  13ce081  SACHIN KUMAR S
82  82  13ce082  SAIBA ABISHIEK KIRUBAKARAN K
83  83  13ce083  SAIKIRAN S
84  84  13ce084  SAMBIT PATRO
85  85  13ce085  SANTHOSH KUMAR R
86  86  13ce086  SANTHOSH R
87  87  13ce087  SELVA S
88  88  13ce088  SELVAM P
89  89  13ce089  SHAILENDHER BABU V
90  90  13ce090  SHANMUGAVEL R
91  91  13ce091  SREE KARTHICK C
92  92  13ce092  SRINIVASAN B
93  93  13ce093  SRINIVASAN N
94  94  13ce094  SUCHARITA B V S K
95  95  13ce095  SUGUNA V
96  96  13ce096  SUSANNA MIRIAM EAPEN
97  97  13ce097  SYED RASHIDI MEERAN N
98  98  13ce098  TAMILARASI KA
99  99  13ce099  TARUN R
100  100  13ce100  THIRUVIKRAMAN S
101  101  13ce101  UDAYA PRAKASH P
102  102  13ce102  VANITHALAKSHMI G
103  103  13ce103  VEENA I
104  104  13ce104  VENKATESH N V S
105  105  13ce105  VIGNESH S
106  106  13ce106  VIJAY G
107  107  13ce107  VIKAS V
108  108  13ce108  VINOTHKUMAR S
109  109  13ce109  VISHAL S
110  110  13ce110  VISHALI P
111  111  13ce111  TAMIL VANAN R
112  112  13ce112  JESU JONES RAJ V
113  113  13ce113  SEETHALAKSHMI A
114  114  13ce114  VIGNESH N P
115  115  13ce115  RUBAN M B
116  116  13ce116  HARISH M
117  117  13ce117  BISWADEEP CHETTRI
118  118  13ce118  BARSHANA GURUNG
119  119  13ce119  ARUN RAJ S
120  120  13ce120  MAHALINGA PANDIAN K
121  121  13ce121  JAYASURIYA D
122  122  13ce122  KARTHICK R
123  123  13ce123  SUDARSON C D
124  124  13ce124  CROSS T ASHIK AZIZ
125  125  13ce125  VIJAY J
126  126  13ce126  RAJESHKUMAR T
127  127  13ce127  SATHISHKUMAR K
128  128  13ce128  (no student)
129  129  13ce129  (no student)
130  130  13ce130  (no student)
131  131  13ce131  (no student)
132  132  13ce132  (no student)
