Search LOG for  19 MADAN ['ce']
Requested by DarkGlance#6849


Corrected departments  :  ['ce']

Keyword  :  MADAN


Searching in dept ce
roll number format found out to be  :  19ce01

1  1  19ce01  ANTONY VELINTAN R
2  2  19ce02  ARAVINDHAN D
3  3  19ce03  BABYPRIYA DEVI TONGBRAM
4  4  19ce04  DIBIN BENET
5  5  19ce05  GOUTHAM R
6  6  19ce06  HAOBIJAM KENEDY SINGH
7  7  19ce07  HARIHARAN  T
8  8  19ce08  JOE JACOB
9  9  19ce09  KARTHIKEYAN K
10  10  19ce10  LEEBA GRACE P
11  11  19ce11  MOHAMMED IRFAN S
12  12  19ce12  PRIYADARSINI L
13  13  19ce13  SAJIN
14  14  19ce14  SORAM YAIPHAREMBA SINGH
15  15  19ce15  SURYA  G
16  16  19ce16  THARUN KUMAR M
17  17  19ce17  VIGNESH K
18  18  19ce18  VIGNESHWAR V
19  19  19ce19  S SATHISH
20  20  19ce20  AJITH L
21  21  19ce21  KEYA SINGHA KALAI
22  22  19ce22  ANGHAT DEBBARMA
23  23  19ce23  MATHIA DEBBARMA
24  24  19ce24  AGRASEN TOPPO
25  25  19ce25  ANIKET SUTRADHAR
26  26  19ce26  (no student)
27  27  19ce27  (no student)
28  28  19ce28  (no student)
29  29  19ce29  (no student)
30  30  19ce30  (no student)
