Search LOG for  17 MADAN ['ce']
Requested by DarkGlance#6849


Corrected departments  :  ['ce']

Keyword  :  MADAN


Searching in dept ce
roll number format found out to be  :  17ce001

1  1  17ce001  ABILASH BERRY S
2  2  17ce002  ABINESH M P
3  3  17ce003  AJI ALEX S
4  4  17ce004  AJISHA M
5  5  17ce005  AJITH KUMAR M
6  6  17ce006  AJMEER KAJA N
7  7  17ce007  AKASH RAJ C
8  8  17ce008  AKHILA C K
9  9  17ce009  ANTO ARSHATH L
10  10  17ce010  ASHWIN V
11  11  17ce011  BALAJI P
12  12  17ce012  BALAJI R
13  13  17ce013  DAZIL TAGORE R
14  14  17ce014  DEEPAK KUMAR S
15  15  17ce015  DEEPAN M
16  16  17ce016  GANESH C K
17  17  17ce017  GAYATHRI N
18  18  17ce018  GITANJALI V
19  19  17ce019  GITESH KAUSHIK
20  20  17ce020  GODSON V S
21  21  17ce021  GOWTHAMRAJ  G
22  22  17ce022  HARI PRASANTH S
23  23  17ce023  HARI SHANKAR M
24  24  17ce024  JAGATHRATCHAGAN S
25  25  17ce025  JEMIMMA PATRICIA FRANKLIN
26  26  17ce026  JOSHWA GEORGE
27  27  17ce027  KARTHICKRAJHA S
28  28  17ce028  KARTHIK B
29  29  17ce029  KATHIR PRASANNA R
30  30  17ce030  KISHORE KUMAR N
31  31  17ce031  MANIKANDAN B
32  32  17ce032  MANIKANDAN T
33  33  17ce033  MATHESVAREN M
34  34  17ce034  MOHAMED ASIQ M
35  35  17ce035  MOHAMED SIDDIQ ARSH A
36  36  17ce036  NISHANTHAN T R D
37  37  17ce037  PRAGATHEESHWARI T
38  38  17ce038  PRASANNA R
39  39  17ce039  PRAVIN RAAJ E
40  40  17ce040  RAMARAJ S
41  41  17ce041  RATHIESH M
42  42  17ce042  SAI ASWIN  B
43  43  17ce043  SANTHOSHKUMAR E
44  44  17ce044  SARAN S M
45  45  17ce045  SARATH KUMAR S
46  46  17ce046  SAROON ABISHEK G
47  47  17ce047  SATHISH M
48  48  17ce048  SIDDARTH K
49  49  17ce049  SIVARAMAKRISHNAN G
50  50  17ce050  SRI RAMASUBRAMANIAN K
51  51  17ce051  SURENDRAN K
52  52  17ce052  VIGNESAN C J
53  53  17ce053  VISHNU ESWAR S
54  54  17ce054  VISHWA J
55  55  17ce055  YOGESHWARAN P
56  56  17ce056  YUGENDIRAN S
57  57  17ce057  VIDYASAHAR S
58  58  17ce058  KUSHAGRA RAI
59  59  17ce059  EZHIL SUNDARAN K
60  60  17ce060  MULAKATI SAI MAHESH
61  61  17ce061  (no student)
62  62  17ce062  (no student)
63  63  17ce063  (no student)
64  64  17ce064  (no student)
65  65  17ce065  (no student)
