19/12/2022 19:40:27 Fetch successful
19/12/2022 19:41:20 Fetch successful
19/12/2022 19:41:45 Fetch successful
19/12/2022 19:41:49 Fetch successful
19/12/2022 19:42:33 Fetch successful
19/12/2022 19:42:38 Fetch successful
19/12/2022 19:43:45 Fetch successful
19/12/2022 19:44:13 Fetch successful
19/12/2022 19:45:08 Fetch successful
19/12/2022 19:45:10 Fetch successful
19/12/2022 19:45:42 Fetch successful
19/12/2022 19:45:45 Fetch successful
19/12/2022 19:49:22 Fetch successful
19/12/2022 19:49:46 Fetch successful
19/12/2022 19:50:39 Fetch successful
19/12/2022 19:51:12 Fetch successful
19/12/2022 19:52:49 Fetch successful
19/12/2022 19:53:21 Fetch successful
19/12/2022 19:54:41 Fetch successful
19/12/2022 19:55:08 Fetch successful
19/12/2022 19:55:49 Fetch successful
19/12/2022 19:56:04 Fetch successful
19/12/2022 19:56:17 Fetch successful
19/12/2022 20:36:37 Search results was fetched
19/12/2022 20:36:59 Search results was fetched
19/12/2022 20:37:14 Search results was fetched
19/12/2022 20:37:48 Search results was fetched
19/12/2022 20:38:48 Search results was fetched
19/12/2022 20:40:20 Search results was fetched
19/12/2022 20:41:53 Search results was fetched
19/12/2022 20:44:30 Search results was fetched
19/12/2022 20:44:31 Search results was fetched
05/01/2023 13:07:17 Photo not found
06/01/2023 12:50:25 Photo not found
06/01/2023 13:13:18 Fetch successful
09/01/2023 11:48:26 Photo not found
10/01/2023 07:02:50 20ad37_photo.png | 20ad37_details.png | 20ad37_marks.png
10/01/2023 09:19:51 Search results was fetched
10/01/2023 18:05:59 Search results was fetched
10/01/2023 18:11:40 21ec75_photo.png | 21ec75_details.png | 21ec75_marks.png
10/01/2023 18:22:24 20cs008_marks.png
10/01/2023 18:33:56 14/09/2003
24/01/2023 21:44:39 Photo not found
08/02/2023 06:25:24 Photo not found
