
07/02/2023 22:22:28 DarkGlance#6849  .smsblast 9566782699 5

07/02/2023 22:58:37 DarkGlance#6849  .smsblast 9566782699 5 2

07/02/2023 22:59:56 DarkGlance#6849  .smsblast 9566782699 5 5

07/02/2023 23:02:44 DarkGlance#6849  .smsblast 9566782699 10 2

08/02/2023 10:27:10 DarkGlance#6849  .smsblast 7305332180 21 5

08/02/2023 10:28:17 DarkGlance#6849  .smsblast 9566782699 1

08/02/2023 10:30:33 DarkGlance#6849  .smsblast 9566782699 1 1

08/02/2023 10:32:03 DarkGlance#6849  .smsblast 9566782699 1 1

08/02/2023 10:33:49 DarkGlance#6849  .smsblast 8695757251 1 1

08/02/2023 10:35:12 DarkGlance#6849  .smsblast 8695757251 1 1

08/02/2023 10:36:18 DarkGlance#6849  .smsblast 9150667955 99 2

08/02/2023 10:36:56 DarkGlance#6849  .smsblast 9150667955 99 2

08/02/2023 10:43:37 DarkGlance#6849  .smsblast  9942860111 99 2

08/02/2023 11:46:45 DarkGlance#6849  .smsblast  9942860111 99 2

08/02/2023 11:51:27 DarkGlance#6849  .smsblast  9942860111 10 5

08/02/2023 11:54:04 DarkGlance#6849  .smsblast  9942860111 10 5

08/02/2023 11:56:05 DarkGlance#6849  .smsblast  9566782699 2 5

08/02/2023 11:59:12 DarkGlance#6849  .smsblast  9566782699 2 5

08/02/2023 12:07:38 DarkGlance#6849  .smsblast  9566782699 2 5

08/02/2023 12:18:01 DarkGlance#6849  .smsblast  9566782699 2 5

08/02/2023 12:25:11 DarkGlance#6849  .smsblast 9043870363 15 4

08/02/2023 12:26:57 DarkGlance#6849  .smsblast 6382933107 15 4

08/02/2023 12:30:41 DarkGlance#6849  .smsblast 8695757251 2 5

08/02/2023 12:34:43 DarkGlance#6849  .smsblast 7305332180 20 3

08/02/2023 12:55:29 Shazam#8855  .smsblast 9150667955 100 5

08/02/2023 12:56:56 Dhinesh2112002#6992  .smsblast 8072806008 10 6

08/02/2023 13:09:15 DarkGlance#6849  .smsblast 7449266486 10 2

08/02/2023 13:17:15 DarkGlance#6849  .smsblast 9566782699 10 2

08/02/2023 13:19:27 DarkGlance#6849  .smsblast 9566782699 10 3

08/02/2023 13:42:40 kishore#5465  .smsblast 9344043751 50 4

08/02/2023 13:43:39 kishore#5465  .smsblast 6382933107 10 2

08/02/2023 13:46:02 kishore#5465  .smsblast 6383617065 50 5

08/02/2023 13:46:54 arunvel#1581  .smsblast 8072247960 5 1

08/02/2023 13:49:39 Dhinesh2112002#6992  .smsblast 9043999660 100 1

08/02/2023 13:50:30 arunvel#1581  .smsblast 7305332180 50 1

08/02/2023 13:52:39 kishore#5465  .smsblast 9344043751 1000 0

08/02/2023 16:11:41 DarkGlance#6849  .smsblast 8056941267 69 5

08/02/2023 16:12:46 DarkGlance#6849  .smsblast 9551679545 10 5

08/02/2023 17:36:45 kishore#5465  .smsblast 9962508028 50 6
