
19/12/2022 12:35:30 DarkGlance#6849  .kcgs

19/12/2022 19:40:10 DarkGlance#6849  .fetchstudents 2018 aero

19/12/2022 19:40:21 DarkGlance#6849  .fetchstudents 2018 ase

19/12/2022 19:40:25 DarkGlance#6849  .fetchstudents 2018 auto

19/12/2022 19:40:32 DarkGlance#6849  .fetchstudents 2018 civil

19/12/2022 19:40:36 DarkGlance#6849  .fetchstudents 2018 cse

19/12/2022 19:40:41 DarkGlance#6849  .fetchstudents 2018 ece

19/12/2022 19:40:42 DarkGlance#6849  .fetchstudents 2018 eee

19/12/2022 19:40:47 DarkGlance#6849  .fetchstudents 2018 eie

19/12/2022 19:40:55 DarkGlance#6849  .fetchstudents 2018 ft

19/12/2022 19:40:55 DarkGlance#6849  .fetchstudents 2018 it

19/12/2022 19:41:03 DarkGlance#6849  .fetchstudents 2018 mc

19/12/2022 19:41:05 DarkGlance#6849  .fetchstudents 2018 me

19/12/2022 19:44:50 DarkGlance#6849  .fetchstudents 2017  aero

19/12/2022 19:44:56 DarkGlance#6849  .fetchstudents 2017  auto

19/12/2022 19:45:01 DarkGlance#6849  .fetchstudents 2017  civil

19/12/2022 19:45:03 DarkGlance#6849  .fetchstudents 2017  cse

19/12/2022 19:45:09 DarkGlance#6849  .fetchstudents 2017  ece

19/12/2022 19:45:10 DarkGlance#6849  .fetchstudents 2017  eee

19/12/2022 19:45:18 DarkGlance#6849  .fetchstudents 2017  eie

19/12/2022 19:45:20 DarkGlance#6849  .fetchstudents 2017  ft

19/12/2022 19:45:25 DarkGlance#6849  .fetchstudents 2017  it

19/12/2022 19:45:28 DarkGlance#6849  .fetchstudents 2017  mc

19/12/2022 19:45:42 DarkGlance#6849  .fetchstudents 2017 me

19/12/2022 20:36:24 DarkGlance#6849  .kcgs 2020 madan ce

19/12/2022 20:36:37 DarkGlance#6849  .kcgs 2019 madan ce

19/12/2022 20:37:01 DarkGlance#6849  .kcgs 2018 madan ce

19/12/2022 20:37:15 DarkGlance#6849  .kcgs 2017 madan ce

19/12/2022 20:37:50 DarkGlance#6849  .kcgs 2016 madan ce

19/12/2022 20:38:51 DarkGlance#6849  .kcgs 2015 madan ce

19/12/2022 20:40:22 DarkGlance#6849  .kcgs 2014 madan ce

19/12/2022 20:41:53 DarkGlance#6849  .kcgs 2013 madan ce

19/12/2022 20:41:54 DarkGlance#6849  .kcgs 2012 madan ce

29/12/2022 18:55:26 DarkGlance#6849  .fetchstudents 2022 cse

05/01/2023 13:07:14 DarkGlance#6849  .kcg photo 22cs001

06/01/2023 12:50:22 DarkGlance#6849  .kcg photo 22cs001

06/01/2023 13:12:57 DarkGlance#6849  .fetchstudents 2020 civil

09/01/2023 11:48:23 DarkGlance#6849  .kcg photo 22cs001

10/01/2023 07:01:49 DarkGlance#6849  .kcg all 20ad37

10/01/2023 07:06:15 DarkGlance#6849  .dghelp

10/01/2023 07:06:50 DarkGlance#6849  .kcgs 2022 hibha *

10/01/2023 09:11:45 DarkGlance#6849  .kcgs 2022 hibha all

10/01/2023 09:14:26 DarkGlance#6849  .hi

10/01/2023 09:15:32 Shazam#8855  .hi

10/01/2023 09:15:46 Shazam#8855  .hi da

10/01/2023 09:21:06 DarkGlance#6849  .block Shazam#8855

10/01/2023 17:57:38 DarkGlance#6849  .kcgs 2021 priyan all

10/01/2023 18:10:49 DarkGlance#6849  .kcgstudent all 21ec75

10/01/2023 18:22:07 DarkGlance#6849  .kcgstudent marks 20cs008

10/01/2023 18:31:31 Shazam#8855  .hi da ashif

10/01/2023 18:32:21 Shazam#8855  .kcgstudent dob 311020104017

10/01/2023 18:33:05 DarkGlance#6849  .kcgstudent dob 311020104017

10/01/2023 18:33:57 DarkGlance#6849  .unblock Shazam#8855

11/01/2023 10:29:12 DarkGlance#6849  .hi

24/01/2023 21:44:36 DarkGlance#6849  .kcgstudent photo 22cs001

07/02/2023 23:07:46 DarkGlance#6849  .authorize Dhinesh2112002#6992 admin

08/02/2023 06:25:21 DarkGlance#6849  .kcgstudent photo 22cs005

08/02/2023 13:40:20 DarkGlance#6849  .authorize kishore#5465

08/02/2023 13:40:27 DarkGlance#6849  .authorize kishore#5465 admin

08/02/2023 13:41:59 DarkGlance#6849  .authorize arunvel#1581 admin

08/02/2023 13:50:10 DarkGlance#6849  .authorize MADDY#1627 admin
